 =======================================================
 ========================2===============================
 ============== Printing Statistics [id:0]==============
   Total Return Transactions : 0 (0 bytes) aggregate average bandwidth 0.000GB/s
      -Rank   0 : 
        -Reads  : 0 (0 bytes)
        -Writes : 0 (0 bytes)
        -Bandwidth / Latency  (Bank 0): 0.000 GB/s		-nan ns
        -Bandwidth / Latency  (Bank 1): 0.000 GB/s		-nan ns
        -Bandwidth / Latency  (Bank 2): 0.000 GB/s		-nan ns
        -Bandwidth / Latency  (Bank 3): 0.000 GB/s		-nan ns
 == Power Data for Rank        0
   Average Power (watts)     : 0.000
     -Background (watts)     : 0.000
     -Act/Pre    (watts)     : 0.000
     -Burst      (watts)     : 0.000
     -Refresh    (watts)     : 0.000
      -Rank   1 : 
        -Reads  : 0 (0 bytes)
        -Writes : 0 (0 bytes)
        -Bandwidth / Latency  (Bank 0): 0.000 GB/s		-nan ns
        -Bandwidth / Latency  (Bank 1): 0.000 GB/s		-nan ns
        -Bandwidth / Latency  (Bank 2): 0.000 GB/s		-nan ns
        -Bandwidth / Latency  (Bank 3): 0.000 GB/s		-nan ns
 == Power Data for Rank        1
   Average Power (watts)     : 0.000
     -Background (watts)     : 0.000
     -Act/Pre    (watts)     : 0.000
     -Burst      (watts)     : 0.000
     -Refresh    (watts)     : 0.000
      -Rank   2 : 
        -Reads  : 0 (0 bytes)
        -Writes : 0 (0 bytes)
        -Bandwidth / Latency  (Bank 0): 0.000 GB/s		-nan ns
        -Bandwidth / Latency  (Bank 1): 0.000 GB/s		-nan ns
        -Bandwidth / Latency  (Bank 2): 0.000 GB/s		-nan ns
        -Bandwidth / Latency  (Bank 3): 0.000 GB/s		-nan ns
 == Power Data for Rank        2
   Average Power (watts)     : 0.000
     -Background (watts)     : 0.000
     -Act/Pre    (watts)     : 0.000
     -Burst      (watts)     : 0.000
     -Refresh    (watts)     : 0.000
      -Rank   3 : 
        -Reads  : 0 (0 bytes)
        -Writes : 0 (0 bytes)
        -Bandwidth / Latency  (Bank 0): 0.000 GB/s		-nan ns
        -Bandwidth / Latency  (Bank 1): 0.000 GB/s		-nan ns
        -Bandwidth / Latency  (Bank 2): 0.000 GB/s		-nan ns
        -Bandwidth / Latency  (Bank 3): 0.000 GB/s		-nan ns
 == Power Data for Rank        3
   Average Power (watts)     : 0.000
     -Background (watts)     : 0.000
     -Act/Pre    (watts)     : 0.000
     -Burst      (watts)     : 0.000
     -Refresh    (watts)     : 0.000
      -Rank   4 : 
        -Reads  : 0 (0 bytes)
        -Writes : 0 (0 bytes)
        -Bandwidth / Latency  (Bank 0): 0.000 GB/s		-nan ns
        -Bandwidth / Latency  (Bank 1): 0.000 GB/s		-nan ns
        -Bandwidth / Latency  (Bank 2): 0.000 GB/s		-nan ns
        -Bandwidth / Latency  (Bank 3): 0.000 GB/s		-nan ns
 == Power Data for Rank        4
   Average Power (watts)     : 0.000
     -Background (watts)     : 0.000
     -Act/Pre    (watts)     : 0.000
     -Burst      (watts)     : 0.000
     -Refresh    (watts)     : 0.000
      -Rank   5 : 
        -Reads  : 0 (0 bytes)
        -Writes : 0 (0 bytes)
        -Bandwidth / Latency  (Bank 0): 0.000 GB/s		-nan ns
        -Bandwidth / Latency  (Bank 1): 0.000 GB/s		-nan ns
        -Bandwidth / Latency  (Bank 2): 0.000 GB/s		-nan ns
        -Bandwidth / Latency  (Bank 3): 0.000 GB/s		-nan ns
 == Power Data for Rank        5
   Average Power (watts)     : 0.000
     -Background (watts)     : 0.000
     -Act/Pre    (watts)     : 0.000
     -Burst      (watts)     : 0.000
     -Refresh    (watts)     : 0.000
      -Rank   6 : 
        -Reads  : 0 (0 bytes)
        -Writes : 0 (0 bytes)
        -Bandwidth / Latency  (Bank 0): 0.000 GB/s		-nan ns
        -Bandwidth / Latency  (Bank 1): 0.000 GB/s		-nan ns
        -Bandwidth / Latency  (Bank 2): 0.000 GB/s		-nan ns
        -Bandwidth / Latency  (Bank 3): 0.000 GB/s		-nan ns
 == Power Data for Rank        6
   Average Power (watts)     : 0.000
     -Background (watts)     : 0.000
     -Act/Pre    (watts)     : 0.000
     -Burst      (watts)     : 0.000
     -Refresh    (watts)     : 0.000
      -Rank   7 : 
        -Reads  : 0 (0 bytes)
        -Writes : 0 (0 bytes)
        -Bandwidth / Latency  (Bank 0): 0.000 GB/s		-nan ns
        -Bandwidth / Latency  (Bank 1): 0.000 GB/s		-nan ns
        -Bandwidth / Latency  (Bank 2): 0.000 GB/s		-nan ns
        -Bandwidth / Latency  (Bank 3): 0.000 GB/s		-nan ns
 == Power Data for Rank        7
   Average Power (watts)     : 0.000
     -Background (watts)     : 0.000
     -Act/Pre    (watts)     : 0.000
     -Burst      (watts)     : 0.000
     -Refresh    (watts)     : 0.000
      -Rank   8 : 
        -Reads  : 0 (0 bytes)
        -Writes : 0 (0 bytes)
        -Bandwidth / Latency  (Bank 0): 0.000 GB/s		-nan ns
        -Bandwidth / Latency  (Bank 1): 0.000 GB/s		-nan ns
        -Bandwidth / Latency  (Bank 2): 0.000 GB/s		-nan ns
        -Bandwidth / Latency  (Bank 3): 0.000 GB/s		-nan ns
 == Power Data for Rank        8
   Average Power (watts)     : 0.000
     -Background (watts)     : 0.000
     -Act/Pre    (watts)     : 0.000
     -Burst      (watts)     : 0.000
     -Refresh    (watts)     : 0.000
      -Rank   9 : 
        -Reads  : 0 (0 bytes)
        -Writes : 0 (0 bytes)
        -Bandwidth / Latency  (Bank 0): 0.000 GB/s		-nan ns
        -Bandwidth / Latency  (Bank 1): 0.000 GB/s		-nan ns
        -Bandwidth / Latency  (Bank 2): 0.000 GB/s		-nan ns
        -Bandwidth / Latency  (Bank 3): 0.000 GB/s		-nan ns
 == Power Data for Rank        9
   Average Power (watts)     : 0.000
     -Background (watts)     : 0.000
     -Act/Pre    (watts)     : 0.000
     -Burst      (watts)     : 0.000
     -Refresh    (watts)     : 0.000
      -Rank   10 : 
        -Reads  : 0 (0 bytes)
        -Writes : 0 (0 bytes)
        -Bandwidth / Latency  (Bank 0): 0.000 GB/s		-nan ns
        -Bandwidth / Latency  (Bank 1): 0.000 GB/s		-nan ns
        -Bandwidth / Latency  (Bank 2): 0.000 GB/s		-nan ns
        -Bandwidth / Latency  (Bank 3): 0.000 GB/s		-nan ns
 == Power Data for Rank        10
   Average Power (watts)     : 0.000
     -Background (watts)     : 0.000
     -Act/Pre    (watts)     : 0.000
     -Burst      (watts)     : 0.000
     -Refresh    (watts)     : 0.000
      -Rank   11 : 
        -Reads  : 0 (0 bytes)
        -Writes : 0 (0 bytes)
        -Bandwidth / Latency  (Bank 0): 0.000 GB/s		-nan ns
        -Bandwidth / Latency  (Bank 1): 0.000 GB/s		-nan ns
        -Bandwidth / Latency  (Bank 2): 0.000 GB/s		-nan ns
        -Bandwidth / Latency  (Bank 3): 0.000 GB/s		-nan ns
 == Power Data for Rank        11
   Average Power (watts)     : 0.000
     -Background (watts)     : 0.000
     -Act/Pre    (watts)     : 0.000
     -Burst      (watts)     : 0.000
     -Refresh    (watts)     : 0.000
      -Rank   12 : 
        -Reads  : 0 (0 bytes)
        -Writes : 0 (0 bytes)
        -Bandwidth / Latency  (Bank 0): 0.000 GB/s		-nan ns
        -Bandwidth / Latency  (Bank 1): 0.000 GB/s		-nan ns
        -Bandwidth / Latency  (Bank 2): 0.000 GB/s		-nan ns
        -Bandwidth / Latency  (Bank 3): 0.000 GB/s		-nan ns
 == Power Data for Rank        12
   Average Power (watts)     : 0.000
     -Background (watts)     : 0.000
     -Act/Pre    (watts)     : 0.000
     -Burst      (watts)     : 0.000
     -Refresh    (watts)     : 0.000
      -Rank   13 : 
        -Reads  : 0 (0 bytes)
        -Writes : 0 (0 bytes)
        -Bandwidth / Latency  (Bank 0): 0.000 GB/s		-nan ns
        -Bandwidth / Latency  (Bank 1): 0.000 GB/s		-nan ns
        -Bandwidth / Latency  (Bank 2): 0.000 GB/s		-nan ns
        -Bandwidth / Latency  (Bank 3): 0.000 GB/s		-nan ns
 == Power Data for Rank        13
   Average Power (watts)     : 0.000
     -Background (watts)     : 0.000
     -Act/Pre    (watts)     : 0.000
     -Burst      (watts)     : 0.000
     -Refresh    (watts)     : 0.000
      -Rank   14 : 
        -Reads  : 0 (0 bytes)
        -Writes : 0 (0 bytes)
        -Bandwidth / Latency  (Bank 0): 0.000 GB/s		-nan ns
        -Bandwidth / Latency  (Bank 1): 0.000 GB/s		-nan ns
        -Bandwidth / Latency  (Bank 2): 0.000 GB/s		-nan ns
        -Bandwidth / Latency  (Bank 3): 0.000 GB/s		-nan ns
 == Power Data for Rank        14
   Average Power (watts)     : 0.000
     -Background (watts)     : 0.000
     -Act/Pre    (watts)     : 0.000
     -Burst      (watts)     : 0.000
     -Refresh    (watts)     : 0.000
      -Rank   15 : 
        -Reads  : 0 (0 bytes)
        -Writes : 0 (0 bytes)
        -Bandwidth / Latency  (Bank 0): 0.000 GB/s		-nan ns
        -Bandwidth / Latency  (Bank 1): 0.000 GB/s		-nan ns
        -Bandwidth / Latency  (Bank 2): 0.000 GB/s		-nan ns
        -Bandwidth / Latency  (Bank 3): 0.000 GB/s		-nan ns
 == Power Data for Rank        15
   Average Power (watts)     : 0.000
     -Background (watts)     : 0.000
     -Act/Pre    (watts)     : 0.000
     -Burst      (watts)     : 0.000
     -Refresh    (watts)     : 0.000

 == Pending Transactions : 0 (0)==
==== Channel [0] ====
 =======================================================
 ========================2===============================
 ============== Printing Statistics [id:0]==============
   Total Return Transactions : 1480 (94720 bytes) aggregate average bandwidth 0.353GB/s
      -Rank   0 : 
        -Reads  : 76 (4864 bytes)
        -Writes : 29 (1856 bytes)
        -Bandwidth / Latency  (Bank 0): 0.008 GB/s		49.177 ns
        -Bandwidth / Latency  (Bank 1): 0.006 GB/s		34.055 ns
        -Bandwidth / Latency  (Bank 2): 0.005 GB/s		57.421 ns
        -Bandwidth / Latency  (Bank 3): 0.005 GB/s		40.401 ns
 == Power Data for Rank        0
   Average Power (watts)     : 0.250
     -Background (watts)     : 0.246
     -Act/Pre    (watts)     : 0.001
     -Burst      (watts)     : 0.001
     -Refresh    (watts)     : 0.001
      -Rank   1 : 
        -Reads  : 70 (4480 bytes)
        -Writes : 22 (1408 bytes)
        -Bandwidth / Latency  (Bank 0): 0.005 GB/s		43.491 ns
        -Bandwidth / Latency  (Bank 1): 0.006 GB/s		33.934 ns
        -Bandwidth / Latency  (Bank 2): 0.005 GB/s		34.153 ns
        -Bandwidth / Latency  (Bank 3): 0.006 GB/s		34.236 ns
 == Power Data for Rank        1
   Average Power (watts)     : 0.250
     -Background (watts)     : 0.246
     -Act/Pre    (watts)     : 0.001
     -Burst      (watts)     : 0.001
     -Refresh    (watts)     : 0.001
      -Rank   2 : 
        -Reads  : 66 (4224 bytes)
        -Writes : 26 (1664 bytes)
        -Bandwidth / Latency  (Bank 0): 0.007 GB/s		34.153 ns
        -Bandwidth / Latency  (Bank 1): 0.005 GB/s		37.485 ns
        -Bandwidth / Latency  (Bank 2): 0.005 GB/s		33.961 ns
        -Bandwidth / Latency  (Bank 3): 0.005 GB/s		35.958 ns
 == Power Data for Rank        2
   Average Power (watts)     : 0.250
     -Background (watts)     : 0.246
     -Act/Pre    (watts)     : 0.001
     -Burst      (watts)     : 0.001
     -Refresh    (watts)     : 0.001
      -Rank   3 : 
        -Reads  : 60 (3840 bytes)
        -Writes : 25 (1600 bytes)
        -Bandwidth / Latency  (Bank 0): 0.005 GB/s		49.459 ns
        -Bandwidth / Latency  (Bank 1): 0.004 GB/s		34.153 ns
        -Bandwidth / Latency  (Bank 2): 0.005 GB/s		34.205 ns
        -Bandwidth / Latency  (Bank 3): 0.005 GB/s		34.202 ns
 == Power Data for Rank        3
   Average Power (watts)     : 0.249
     -Background (watts)     : 0.246
     -Act/Pre    (watts)     : 0.001
     -Burst      (watts)     : 0.001
     -Refresh    (watts)     : 0.001
      -Rank   4 : 
        -Reads  : 75 (4800 bytes)
        -Writes : 26 (1664 bytes)
        -Bandwidth / Latency  (Bank 0): 0.006 GB/s		34.153 ns
        -Bandwidth / Latency  (Bank 1): 0.006 GB/s		34.070 ns
        -Bandwidth / Latency  (Bank 2): 0.006 GB/s		35.035 ns
        -Bandwidth / Latency  (Bank 3): 0.006 GB/s		40.026 ns
 == Power Data for Rank        4
   Average Power (watts)     : 0.250
     -Background (watts)     : 0.246
     -Act/Pre    (watts)     : 0.001
     -Burst      (watts)     : 0.001
     -Refresh    (watts)     : 0.001
      -Rank   5 : 
        -Reads  : 65 (4160 bytes)
        -Writes : 28 (1792 bytes)
        -Bandwidth / Latency  (Bank 0): 0.006 GB/s		34.049 ns
        -Bandwidth / Latency  (Bank 1): 0.005 GB/s		37.069 ns
        -Bandwidth / Latency  (Bank 2): 0.005 GB/s		34.209 ns
        -Bandwidth / Latency  (Bank 3): 0.006 GB/s		57.310 ns
 == Power Data for Rank        5
   Average Power (watts)     : 0.250
     -Background (watts)     : 0.246
     -Act/Pre    (watts)     : 0.001
     -Burst      (watts)     : 0.001
     -Refresh    (watts)     : 0.001
      -Rank   6 : 
        -Reads  : 61 (3904 bytes)
        -Writes : 28 (1792 bytes)
        -Bandwidth / Latency  (Bank 0): 0.005 GB/s		41.234 ns
        -Bandwidth / Latency  (Bank 1): 0.004 GB/s		34.229 ns
        -Bandwidth / Latency  (Bank 2): 0.005 GB/s		34.153 ns
        -Bandwidth / Latency  (Bank 3): 0.006 GB/s		34.153 ns
 == Power Data for Rank        6
   Average Power (watts)     : 0.249
     -Background (watts)     : 0.246
     -Act/Pre    (watts)     : 0.001
     -Burst      (watts)     : 0.001
     -Refresh    (watts)     : 0.001
      -Rank   7 : 
        -Reads  : 70 (4480 bytes)
        -Writes : 29 (1856 bytes)
        -Bandwidth / Latency  (Bank 0): 0.006 GB/s		47.533 ns
        -Bandwidth / Latency  (Bank 1): 0.005 GB/s		34.153 ns
        -Bandwidth / Latency  (Bank 2): 0.007 GB/s		34.767 ns
        -Bandwidth / Latency  (Bank 3): 0.007 GB/s		47.517 ns
 == Power Data for Rank        7
   Average Power (watts)     : 0.250
     -Background (watts)     : 0.246
     -Act/Pre    (watts)     : 0.001
     -Burst      (watts)     : 0.001
     -Refresh    (watts)     : 0.001
      -Rank   8 : 
        -Reads  : 56 (3584 bytes)
        -Writes : 30 (1920 bytes)
        -Bandwidth / Latency  (Bank 0): 0.005 GB/s		35.153 ns
        -Bandwidth / Latency  (Bank 1): 0.004 GB/s		42.622 ns
        -Bandwidth / Latency  (Bank 2): 0.005 GB/s		34.153 ns
        -Bandwidth / Latency  (Bank 3): 0.005 GB/s		34.153 ns
 == Power Data for Rank        8
   Average Power (watts)     : 0.249
     -Background (watts)     : 0.246
     -Act/Pre    (watts)     : 0.001
     -Burst      (watts)     : 0.001
     -Refresh    (watts)     : 0.001
      -Rank   9 : 
        -Reads  : 64 (4096 bytes)
        -Writes : 27 (1728 bytes)
        -Bandwidth / Latency  (Bank 0): 0.006 GB/s		34.153 ns
        -Bandwidth / Latency  (Bank 1): 0.005 GB/s		40.211 ns
        -Bandwidth / Latency  (Bank 2): 0.005 GB/s		39.924 ns
        -Bandwidth / Latency  (Bank 3): 0.006 GB/s		38.516 ns
 == Power Data for Rank        9
   Average Power (watts)     : 0.249
     -Background (watts)     : 0.246
     -Act/Pre    (watts)     : 0.001
     -Burst      (watts)     : 0.001
     -Refresh    (watts)     : 0.001
      -Rank   10 : 
        -Reads  : 53 (3392 bytes)
        -Writes : 25 (1600 bytes)
        -Bandwidth / Latency  (Bank 0): 0.005 GB/s		34.688 ns
        -Bandwidth / Latency  (Bank 1): 0.004 GB/s		34.153 ns
        -Bandwidth / Latency  (Bank 2): 0.004 GB/s		59.893 ns
        -Bandwidth / Latency  (Bank 3): 0.005 GB/s		34.153 ns
 == Power Data for Rank        10
   Average Power (watts)     : 0.249
     -Background (watts)     : 0.246
     -Act/Pre    (watts)     : 0.001
     -Burst      (watts)     : 0.001
     -Refresh    (watts)     : 0.001
      -Rank   11 : 
        -Reads  : 61 (3904 bytes)
        -Writes : 26 (1664 bytes)
        -Bandwidth / Latency  (Bank 0): 0.005 GB/s		37.537 ns
        -Bandwidth / Latency  (Bank 1): 0.006 GB/s		35.280 ns
        -Bandwidth / Latency  (Bank 2): 0.005 GB/s		57.834 ns
        -Bandwidth / Latency  (Bank 3): 0.004 GB/s		34.153 ns
 == Power Data for Rank        11
   Average Power (watts)     : 0.249
     -Background (watts)     : 0.246
     -Act/Pre    (watts)     : 0.001
     -Burst      (watts)     : 0.001
     -Refresh    (watts)     : 0.001
      -Rank   12 : 
        -Reads  : 72 (4608 bytes)
        -Writes : 29 (1856 bytes)
        -Bandwidth / Latency  (Bank 0): 0.006 GB/s		34.014 ns
        -Bandwidth / Latency  (Bank 1): 0.007 GB/s		35.944 ns
        -Bandwidth / Latency  (Bank 2): 0.005 GB/s		33.709 ns
        -Bandwidth / Latency  (Bank 3): 0.005 GB/s		35.775 ns
 == Power Data for Rank        12
   Average Power (watts)     : 0.250
     -Background (watts)     : 0.246
     -Act/Pre    (watts)     : 0.001
     -Burst      (watts)     : 0.001
     -Refresh    (watts)     : 0.001
      -Rank   13 : 
        -Reads  : 60 (3840 bytes)
        -Writes : 28 (1792 bytes)
        -Bandwidth / Latency  (Bank 0): 0.005 GB/s		34.097 ns
        -Bandwidth / Latency  (Bank 1): 0.006 GB/s		44.786 ns
        -Bandwidth / Latency  (Bank 2): 0.004 GB/s		33.926 ns
        -Bandwidth / Latency  (Bank 3): 0.005 GB/s		46.648 ns
 == Power Data for Rank        13
   Average Power (watts)     : 0.249
     -Background (watts)     : 0.246
     -Act/Pre    (watts)     : 0.001
     -Burst      (watts)     : 0.001
     -Refresh    (watts)     : 0.001
      -Rank   14 : 
        -Reads  : 70 (4480 bytes)
        -Writes : 24 (1536 bytes)
        -Bandwidth / Latency  (Bank 0): 0.005 GB/s		37.849 ns
        -Bandwidth / Latency  (Bank 1): 0.007 GB/s		51.343 ns
        -Bandwidth / Latency  (Bank 2): 0.005 GB/s		46.704 ns
        -Bandwidth / Latency  (Bank 3): 0.005 GB/s		34.055 ns
 == Power Data for Rank        14
   Average Power (watts)     : 0.250
     -Background (watts)     : 0.246
     -Act/Pre    (watts)     : 0.001
     -Burst      (watts)     : 0.001
     -Refresh    (watts)     : 0.001
      -Rank   15 : 
        -Reads  : 76 (4864 bytes)
        -Writes : 23 (1472 bytes)
        -Bandwidth / Latency  (Bank 0): 0.006 GB/s		47.773 ns
        -Bandwidth / Latency  (Bank 1): 0.005 GB/s		50.702 ns
        -Bandwidth / Latency  (Bank 2): 0.005 GB/s		42.847 ns
        -Bandwidth / Latency  (Bank 3): 0.007 GB/s		36.719 ns
 == Power Data for Rank        15
   Average Power (watts)     : 0.250
     -Background (watts)     : 0.246
     -Act/Pre    (watts)     : 0.001
     -Burst      (watts)     : 0.001
     -Refresh    (watts)     : 0.001
 ---  Latency list (25)
       [lat] : #
       [30-39] : 36
       [40-49] : 968
       [50-59] : 6
       [60-69] : 2
       [70-79] : 5
       [80-89] : 2
       [90-99] : 5
       [100-109] : 1
       [110-119] : 1
       [120-129] : 1
       [130-139] : 1
       [140-149] : 2
       [150-159] : 1
       [160-169] : 3
       [180-189] : 4
       [200-209] : 2
       [240-249] : 1
       [250-259] : 2
       [260-269] : 1
       [290-299] : 1
       [310-319] : 3
       [320-329] : 1
       [330-339] : 3
       [340-349] : 2
       [350-359] : 1

 == Pending Transactions : 0 (299814)==
//// Channel [0] ////
