 =======================================================
 ========================2===============================
 ============== Printing Statistics [id:0]==============
   Total Return Transactions : 0 (0 bytes) aggregate average bandwidth 0.000GB/s
      -Rank   0 : 
        -Reads  : 0 (0 bytes)
        -Writes : 0 (0 bytes)
        -Bandwidth / Latency  (Bank 0): 0.000 GB/s		-nan ns
        -Bandwidth / Latency  (Bank 1): 0.000 GB/s		-nan ns
        -Bandwidth / Latency  (Bank 2): 0.000 GB/s		-nan ns
        -Bandwidth / Latency  (Bank 3): 0.000 GB/s		-nan ns
 == Power Data for Rank        0
   Average Power (watts)     : 0.000
     -Background (watts)     : 0.000
     -Act/Pre    (watts)     : 0.000
     -Burst      (watts)     : 0.000
     -Refresh    (watts)     : 0.000
      -Rank   1 : 
        -Reads  : 0 (0 bytes)
        -Writes : 0 (0 bytes)
        -Bandwidth / Latency  (Bank 0): 0.000 GB/s		-nan ns
        -Bandwidth / Latency  (Bank 1): 0.000 GB/s		-nan ns
        -Bandwidth / Latency  (Bank 2): 0.000 GB/s		-nan ns
        -Bandwidth / Latency  (Bank 3): 0.000 GB/s		-nan ns
 == Power Data for Rank        1
   Average Power (watts)     : 0.000
     -Background (watts)     : 0.000
     -Act/Pre    (watts)     : 0.000
     -Burst      (watts)     : 0.000
     -Refresh    (watts)     : 0.000
      -Rank   2 : 
        -Reads  : 0 (0 bytes)
        -Writes : 0 (0 bytes)
        -Bandwidth / Latency  (Bank 0): 0.000 GB/s		-nan ns
        -Bandwidth / Latency  (Bank 1): 0.000 GB/s		-nan ns
        -Bandwidth / Latency  (Bank 2): 0.000 GB/s		-nan ns
        -Bandwidth / Latency  (Bank 3): 0.000 GB/s		-nan ns
 == Power Data for Rank        2
   Average Power (watts)     : 0.000
     -Background (watts)     : 0.000
     -Act/Pre    (watts)     : 0.000
     -Burst      (watts)     : 0.000
     -Refresh    (watts)     : 0.000
      -Rank   3 : 
        -Reads  : 0 (0 bytes)
        -Writes : 0 (0 bytes)
        -Bandwidth / Latency  (Bank 0): 0.000 GB/s		-nan ns
        -Bandwidth / Latency  (Bank 1): 0.000 GB/s		-nan ns
        -Bandwidth / Latency  (Bank 2): 0.000 GB/s		-nan ns
        -Bandwidth / Latency  (Bank 3): 0.000 GB/s		-nan ns
 == Power Data for Rank        3
   Average Power (watts)     : 0.000
     -Background (watts)     : 0.000
     -Act/Pre    (watts)     : 0.000
     -Burst      (watts)     : 0.000
     -Refresh    (watts)     : 0.000
      -Rank   4 : 
        -Reads  : 0 (0 bytes)
        -Writes : 0 (0 bytes)
        -Bandwidth / Latency  (Bank 0): 0.000 GB/s		-nan ns
        -Bandwidth / Latency  (Bank 1): 0.000 GB/s		-nan ns
        -Bandwidth / Latency  (Bank 2): 0.000 GB/s		-nan ns
        -Bandwidth / Latency  (Bank 3): 0.000 GB/s		-nan ns
 == Power Data for Rank        4
   Average Power (watts)     : 0.000
     -Background (watts)     : 0.000
     -Act/Pre    (watts)     : 0.000
     -Burst      (watts)     : 0.000
     -Refresh    (watts)     : 0.000
      -Rank   5 : 
        -Reads  : 0 (0 bytes)
        -Writes : 0 (0 bytes)
        -Bandwidth / Latency  (Bank 0): 0.000 GB/s		-nan ns
        -Bandwidth / Latency  (Bank 1): 0.000 GB/s		-nan ns
        -Bandwidth / Latency  (Bank 2): 0.000 GB/s		-nan ns
        -Bandwidth / Latency  (Bank 3): 0.000 GB/s		-nan ns
 == Power Data for Rank        5
   Average Power (watts)     : 0.000
     -Background (watts)     : 0.000
     -Act/Pre    (watts)     : 0.000
     -Burst      (watts)     : 0.000
     -Refresh    (watts)     : 0.000
      -Rank   6 : 
        -Reads  : 0 (0 bytes)
        -Writes : 0 (0 bytes)
        -Bandwidth / Latency  (Bank 0): 0.000 GB/s		-nan ns
        -Bandwidth / Latency  (Bank 1): 0.000 GB/s		-nan ns
        -Bandwidth / Latency  (Bank 2): 0.000 GB/s		-nan ns
        -Bandwidth / Latency  (Bank 3): 0.000 GB/s		-nan ns
 == Power Data for Rank        6
   Average Power (watts)     : 0.000
     -Background (watts)     : 0.000
     -Act/Pre    (watts)     : 0.000
     -Burst      (watts)     : 0.000
     -Refresh    (watts)     : 0.000
      -Rank   7 : 
        -Reads  : 0 (0 bytes)
        -Writes : 0 (0 bytes)
        -Bandwidth / Latency  (Bank 0): 0.000 GB/s		-nan ns
        -Bandwidth / Latency  (Bank 1): 0.000 GB/s		-nan ns
        -Bandwidth / Latency  (Bank 2): 0.000 GB/s		-nan ns
        -Bandwidth / Latency  (Bank 3): 0.000 GB/s		-nan ns
 == Power Data for Rank        7
   Average Power (watts)     : 0.000
     -Background (watts)     : 0.000
     -Act/Pre    (watts)     : 0.000
     -Burst      (watts)     : 0.000
     -Refresh    (watts)     : 0.000
      -Rank   8 : 
        -Reads  : 0 (0 bytes)
        -Writes : 0 (0 bytes)
        -Bandwidth / Latency  (Bank 0): 0.000 GB/s		-nan ns
        -Bandwidth / Latency  (Bank 1): 0.000 GB/s		-nan ns
        -Bandwidth / Latency  (Bank 2): 0.000 GB/s		-nan ns
        -Bandwidth / Latency  (Bank 3): 0.000 GB/s		-nan ns
 == Power Data for Rank        8
   Average Power (watts)     : 0.000
     -Background (watts)     : 0.000
     -Act/Pre    (watts)     : 0.000
     -Burst      (watts)     : 0.000
     -Refresh    (watts)     : 0.000
      -Rank   9 : 
        -Reads  : 0 (0 bytes)
        -Writes : 0 (0 bytes)
        -Bandwidth / Latency  (Bank 0): 0.000 GB/s		-nan ns
        -Bandwidth / Latency  (Bank 1): 0.000 GB/s		-nan ns
        -Bandwidth / Latency  (Bank 2): 0.000 GB/s		-nan ns
        -Bandwidth / Latency  (Bank 3): 0.000 GB/s		-nan ns
 == Power Data for Rank        9
   Average Power (watts)     : 0.000
     -Background (watts)     : 0.000
     -Act/Pre    (watts)     : 0.000
     -Burst      (watts)     : 0.000
     -Refresh    (watts)     : 0.000
      -Rank   10 : 
        -Reads  : 0 (0 bytes)
        -Writes : 0 (0 bytes)
        -Bandwidth / Latency  (Bank 0): 0.000 GB/s		-nan ns
        -Bandwidth / Latency  (Bank 1): 0.000 GB/s		-nan ns
        -Bandwidth / Latency  (Bank 2): 0.000 GB/s		-nan ns
        -Bandwidth / Latency  (Bank 3): 0.000 GB/s		-nan ns
 == Power Data for Rank        10
   Average Power (watts)     : 0.000
     -Background (watts)     : 0.000
     -Act/Pre    (watts)     : 0.000
     -Burst      (watts)     : 0.000
     -Refresh    (watts)     : 0.000
      -Rank   11 : 
        -Reads  : 0 (0 bytes)
        -Writes : 0 (0 bytes)
        -Bandwidth / Latency  (Bank 0): 0.000 GB/s		-nan ns
        -Bandwidth / Latency  (Bank 1): 0.000 GB/s		-nan ns
        -Bandwidth / Latency  (Bank 2): 0.000 GB/s		-nan ns
        -Bandwidth / Latency  (Bank 3): 0.000 GB/s		-nan ns
 == Power Data for Rank        11
   Average Power (watts)     : 0.000
     -Background (watts)     : 0.000
     -Act/Pre    (watts)     : 0.000
     -Burst      (watts)     : 0.000
     -Refresh    (watts)     : 0.000
      -Rank   12 : 
        -Reads  : 0 (0 bytes)
        -Writes : 0 (0 bytes)
        -Bandwidth / Latency  (Bank 0): 0.000 GB/s		-nan ns
        -Bandwidth / Latency  (Bank 1): 0.000 GB/s		-nan ns
        -Bandwidth / Latency  (Bank 2): 0.000 GB/s		-nan ns
        -Bandwidth / Latency  (Bank 3): 0.000 GB/s		-nan ns
 == Power Data for Rank        12
   Average Power (watts)     : 0.000
     -Background (watts)     : 0.000
     -Act/Pre    (watts)     : 0.000
     -Burst      (watts)     : 0.000
     -Refresh    (watts)     : 0.000
      -Rank   13 : 
        -Reads  : 0 (0 bytes)
        -Writes : 0 (0 bytes)
        -Bandwidth / Latency  (Bank 0): 0.000 GB/s		-nan ns
        -Bandwidth / Latency  (Bank 1): 0.000 GB/s		-nan ns
        -Bandwidth / Latency  (Bank 2): 0.000 GB/s		-nan ns
        -Bandwidth / Latency  (Bank 3): 0.000 GB/s		-nan ns
 == Power Data for Rank        13
   Average Power (watts)     : 0.000
     -Background (watts)     : 0.000
     -Act/Pre    (watts)     : 0.000
     -Burst      (watts)     : 0.000
     -Refresh    (watts)     : 0.000
      -Rank   14 : 
        -Reads  : 0 (0 bytes)
        -Writes : 0 (0 bytes)
        -Bandwidth / Latency  (Bank 0): 0.000 GB/s		-nan ns
        -Bandwidth / Latency  (Bank 1): 0.000 GB/s		-nan ns
        -Bandwidth / Latency  (Bank 2): 0.000 GB/s		-nan ns
        -Bandwidth / Latency  (Bank 3): 0.000 GB/s		-nan ns
 == Power Data for Rank        14
   Average Power (watts)     : 0.000
     -Background (watts)     : 0.000
     -Act/Pre    (watts)     : 0.000
     -Burst      (watts)     : 0.000
     -Refresh    (watts)     : 0.000
      -Rank   15 : 
        -Reads  : 0 (0 bytes)
        -Writes : 0 (0 bytes)
        -Bandwidth / Latency  (Bank 0): 0.000 GB/s		-nan ns
        -Bandwidth / Latency  (Bank 1): 0.000 GB/s		-nan ns
        -Bandwidth / Latency  (Bank 2): 0.000 GB/s		-nan ns
        -Bandwidth / Latency  (Bank 3): 0.000 GB/s		-nan ns
 == Power Data for Rank        15
   Average Power (watts)     : 0.000
     -Background (watts)     : 0.000
     -Act/Pre    (watts)     : 0.000
     -Burst      (watts)     : 0.000
     -Refresh    (watts)     : 0.000

 == Pending Transactions : 0 (0)==
==== Channel [0] ====
 =======================================================
 ========================2===============================
 ============== Printing Statistics [id:0]==============
   Total Return Transactions : 1540 (98560 bytes) aggregate average bandwidth 0.011GB/s
      -Rank   0 : 
        -Reads  : 77 (4928 bytes)
        -Writes : 29 (1856 bytes)
        -Bandwidth / Latency  (Bank 0): 0.000 GB/s		398.025 ns
        -Bandwidth / Latency  (Bank 1): 0.000 GB/s		515.164 ns
        -Bandwidth / Latency  (Bank 2): 0.000 GB/s		273.002 ns
        -Bandwidth / Latency  (Bank 3): 0.000 GB/s		485.379 ns
 == Power Data for Rank        0
   Average Power (watts)     : 0.246
     -Background (watts)     : 0.244
     -Act/Pre    (watts)     : 0.000
     -Burst      (watts)     : 0.000
     -Refresh    (watts)     : 0.001
      -Rank   1 : 
        -Reads  : 71 (4544 bytes)
        -Writes : 23 (1472 bytes)
        -Bandwidth / Latency  (Bank 0): 0.000 GB/s		368.603 ns
        -Bandwidth / Latency  (Bank 1): 0.000 GB/s		352.442 ns
        -Bandwidth / Latency  (Bank 2): 0.000 GB/s		578.518 ns
        -Bandwidth / Latency  (Bank 3): 0.000 GB/s		316.897 ns
 == Power Data for Rank        1
   Average Power (watts)     : 0.246
     -Background (watts)     : 0.244
     -Act/Pre    (watts)     : 0.000
     -Burst      (watts)     : 0.000
     -Refresh    (watts)     : 0.001
      -Rank   2 : 
        -Reads  : 70 (4480 bytes)
        -Writes : 27 (1728 bytes)
        -Bandwidth / Latency  (Bank 0): 0.000 GB/s		160.015 ns
        -Bandwidth / Latency  (Bank 1): 0.000 GB/s		342.530 ns
        -Bandwidth / Latency  (Bank 2): 0.000 GB/s		251.864 ns
        -Bandwidth / Latency  (Bank 3): 0.000 GB/s		235.447 ns
 == Power Data for Rank        2
   Average Power (watts)     : 0.246
     -Background (watts)     : 0.244
     -Act/Pre    (watts)     : 0.000
     -Burst      (watts)     : 0.000
     -Refresh    (watts)     : 0.001
      -Rank   3 : 
        -Reads  : 64 (4096 bytes)
        -Writes : 28 (1792 bytes)
        -Bandwidth / Latency  (Bank 0): 0.000 GB/s		378.427 ns
        -Bandwidth / Latency  (Bank 1): 0.000 GB/s		266.409 ns
        -Bandwidth / Latency  (Bank 2): 0.000 GB/s		266.952 ns
        -Bandwidth / Latency  (Bank 3): 0.000 GB/s		141.259 ns
 == Power Data for Rank        3
   Average Power (watts)     : 0.246
     -Background (watts)     : 0.244
     -Act/Pre    (watts)     : 0.000
     -Burst      (watts)     : 0.000
     -Refresh    (watts)     : 0.001
      -Rank   4 : 
        -Reads  : 79 (5056 bytes)
        -Writes : 28 (1792 bytes)
        -Bandwidth / Latency  (Bank 0): 0.000 GB/s		472.530 ns
        -Bandwidth / Latency  (Bank 1): 0.000 GB/s		672.866 ns
        -Bandwidth / Latency  (Bank 2): 0.000 GB/s		695.092 ns
        -Bandwidth / Latency  (Bank 3): 0.000 GB/s		505.433 ns
 == Power Data for Rank        4
   Average Power (watts)     : 0.246
     -Background (watts)     : 0.244
     -Act/Pre    (watts)     : 0.000
     -Burst      (watts)     : 0.000
     -Refresh    (watts)     : 0.001
      -Rank   5 : 
        -Reads  : 67 (4288 bytes)
        -Writes : 29 (1856 bytes)
        -Bandwidth / Latency  (Bank 0): 0.000 GB/s		255.627 ns
        -Bandwidth / Latency  (Bank 1): 0.000 GB/s		581.323 ns
        -Bandwidth / Latency  (Bank 2): 0.000 GB/s		619.283 ns
        -Bandwidth / Latency  (Bank 3): 0.000 GB/s		520.000 ns
 == Power Data for Rank        5
   Average Power (watts)     : 0.246
     -Background (watts)     : 0.244
     -Act/Pre    (watts)     : 0.000
     -Burst      (watts)     : 0.000
     -Refresh    (watts)     : 0.001
      -Rank   6 : 
        -Reads  : 64 (4096 bytes)
        -Writes : 30 (1920 bytes)
        -Bandwidth / Latency  (Bank 0): 0.000 GB/s		869.652 ns
        -Bandwidth / Latency  (Bank 1): 0.000 GB/s		531.176 ns
        -Bandwidth / Latency  (Bank 2): 0.000 GB/s		510.941 ns
        -Bandwidth / Latency  (Bank 3): 0.000 GB/s		1558.202 ns
 == Power Data for Rank        6
   Average Power (watts)     : 0.246
     -Background (watts)     : 0.244
     -Act/Pre    (watts)     : 0.000
     -Burst      (watts)     : 0.000
     -Refresh    (watts)     : 0.001
      -Rank   7 : 
        -Reads  : 72 (4608 bytes)
        -Writes : 31 (1984 bytes)
        -Bandwidth / Latency  (Bank 0): 0.000 GB/s		664.630 ns
        -Bandwidth / Latency  (Bank 1): 0.000 GB/s		597.710 ns
        -Bandwidth / Latency  (Bank 2): 0.000 GB/s		1020.030 ns
        -Bandwidth / Latency  (Bank 3): 0.000 GB/s		671.120 ns
 == Power Data for Rank        7
   Average Power (watts)     : 0.246
     -Background (watts)     : 0.244
     -Act/Pre    (watts)     : 0.000
     -Burst      (watts)     : 0.000
     -Refresh    (watts)     : 0.001
      -Rank   8 : 
        -Reads  : 58 (3712 bytes)
        -Writes : 33 (2112 bytes)
        -Bandwidth / Latency  (Bank 0): 0.000 GB/s		1462.526 ns
        -Bandwidth / Latency  (Bank 1): 0.000 GB/s		1145.439 ns
        -Bandwidth / Latency  (Bank 2): 0.000 GB/s		2068.531 ns
        -Bandwidth / Latency  (Bank 3): 0.000 GB/s		1512.434 ns
 == Power Data for Rank        8
   Average Power (watts)     : 0.246
     -Background (watts)     : 0.244
     -Act/Pre    (watts)     : 0.000
     -Burst      (watts)     : 0.000
     -Refresh    (watts)     : 0.001
      -Rank   9 : 
        -Reads  : 68 (4352 bytes)
        -Writes : 29 (1856 bytes)
        -Bandwidth / Latency  (Bank 0): 0.000 GB/s		550.613 ns
        -Bandwidth / Latency  (Bank 1): 0.000 GB/s		1206.462 ns
        -Bandwidth / Latency  (Bank 2): 0.000 GB/s		489.249 ns
        -Bandwidth / Latency  (Bank 3): 0.000 GB/s		203.542 ns
 == Power Data for Rank        9
   Average Power (watts)     : 0.246
     -Background (watts)     : 0.244
     -Act/Pre    (watts)     : 0.000
     -Burst      (watts)     : 0.000
     -Refresh    (watts)     : 0.001
      -Rank   10 : 
        -Reads  : 56 (3584 bytes)
        -Writes : 27 (1728 bytes)
        -Bandwidth / Latency  (Bank 0): 0.000 GB/s		573.996 ns
        -Bandwidth / Latency  (Bank 1): 0.000 GB/s		611.769 ns
        -Bandwidth / Latency  (Bank 2): 0.000 GB/s		525.926 ns
        -Bandwidth / Latency  (Bank 3): 0.000 GB/s		225.173 ns
 == Power Data for Rank        10
   Average Power (watts)     : 0.246
     -Background (watts)     : 0.244
     -Act/Pre    (watts)     : 0.000
     -Burst      (watts)     : 0.000
     -Refresh    (watts)     : 0.001
      -Rank   11 : 
        -Reads  : 62 (3968 bytes)
        -Writes : 28 (1792 bytes)
        -Bandwidth / Latency  (Bank 0): 0.000 GB/s		771.983 ns
        -Bandwidth / Latency  (Bank 1): 0.000 GB/s		1275.786 ns
        -Bandwidth / Latency  (Bank 2): 0.000 GB/s		1250.036 ns
        -Bandwidth / Latency  (Bank 3): 0.000 GB/s		587.324 ns
 == Power Data for Rank        11
   Average Power (watts)     : 0.246
     -Background (watts)     : 0.244
     -Act/Pre    (watts)     : 0.000
     -Burst      (watts)     : 0.000
     -Refresh    (watts)     : 0.001
      -Rank   12 : 
        -Reads  : 72 (4608 bytes)
        -Writes : 31 (1984 bytes)
        -Bandwidth / Latency  (Bank 0): 0.000 GB/s		977.896 ns
        -Bandwidth / Latency  (Bank 1): 0.000 GB/s		1643.801 ns
        -Bandwidth / Latency  (Bank 2): 0.000 GB/s		1436.536 ns
        -Bandwidth / Latency  (Bank 3): 0.000 GB/s		1471.780 ns
 == Power Data for Rank        12
   Average Power (watts)     : 0.246
     -Background (watts)     : 0.244
     -Act/Pre    (watts)     : 0.000
     -Burst      (watts)     : 0.000
     -Refresh    (watts)     : 0.001
      -Rank   13 : 
        -Reads  : 60 (3840 bytes)
        -Writes : 30 (1920 bytes)
        -Bandwidth / Latency  (Bank 0): 0.000 GB/s		322.482 ns
        -Bandwidth / Latency  (Bank 1): 0.000 GB/s		806.834 ns
        -Bandwidth / Latency  (Bank 2): 0.000 GB/s		978.093 ns
        -Bandwidth / Latency  (Bank 3): 0.000 GB/s		639.499 ns
 == Power Data for Rank        13
   Average Power (watts)     : 0.246
     -Background (watts)     : 0.244
     -Act/Pre    (watts)     : 0.000
     -Burst      (watts)     : 0.000
     -Refresh    (watts)     : 0.001
      -Rank   14 : 
        -Reads  : 72 (4608 bytes)
        -Writes : 24 (1536 bytes)
        -Bandwidth / Latency  (Bank 0): 0.000 GB/s		128.542 ns
        -Bandwidth / Latency  (Bank 1): 0.000 GB/s		499.691 ns
        -Bandwidth / Latency  (Bank 2): 0.000 GB/s		310.765 ns
        -Bandwidth / Latency  (Bank 3): 0.000 GB/s		110.326 ns
 == Power Data for Rank        14
   Average Power (watts)     : 0.246
     -Background (watts)     : 0.244
     -Act/Pre    (watts)     : 0.000
     -Burst      (watts)     : 0.000
     -Refresh    (watts)     : 0.001
      -Rank   15 : 
        -Reads  : 77 (4928 bytes)
        -Writes : 24 (1536 bytes)
        -Bandwidth / Latency  (Bank 0): 0.000 GB/s		403.846 ns
        -Bandwidth / Latency  (Bank 1): 0.000 GB/s		519.181 ns
        -Bandwidth / Latency  (Bank 2): 0.000 GB/s		926.660 ns
        -Bandwidth / Latency  (Bank 3): 0.000 GB/s		192.090 ns
 == Power Data for Rank        15
   Average Power (watts)     : 0.246
     -Background (watts)     : 0.244
     -Act/Pre    (watts)     : 0.000
     -Burst      (watts)     : 0.000
     -Refresh    (watts)     : 0.001
 ---  Latency list (252)
       [lat] : #
       [20-29] : 1
       [30-39] : 18
       [40-49] : 54
       [50-59] : 50
       [60-69] : 29
       [70-79] : 34
       [80-89] : 21
       [90-99] : 14
       [100-109] : 15
       [110-119] : 11
       [120-129] : 13
       [130-139] : 17
       [140-149] : 10
       [150-159] : 21
       [160-169] : 12
       [170-179] : 10
       [180-189] : 3
       [190-199] : 1
       [200-209] : 7
       [210-219] : 6
       [220-229] : 6
       [230-239] : 3
       [240-249] : 8
       [250-259] : 3
       [260-269] : 6
       [270-279] : 11
       [280-289] : 7
       [290-299] : 4
       [300-309] : 6
       [310-319] : 7
       [320-329] : 5
       [330-339] : 9
       [340-349] : 11
       [350-359] : 12
       [360-369] : 9
       [370-379] : 7
       [380-389] : 6
       [390-399] : 10
       [400-409] : 7
       [410-419] : 6
       [420-429] : 7
       [430-439] : 9
       [440-449] : 8
       [450-459] : 7
       [460-469] : 8
       [470-479] : 4
       [480-489] : 4
       [490-499] : 5
       [500-509] : 5
       [510-519] : 7
       [520-529] : 9
       [530-539] : 4
       [540-549] : 3
       [550-559] : 5
       [560-569] : 2
       [570-579] : 7
       [580-589] : 7
       [590-599] : 3
       [600-609] : 3
       [610-619] : 3
       [620-629] : 9
       [630-639] : 8
       [640-649] : 5
       [650-659] : 8
       [660-669] : 3
       [670-679] : 7
       [680-689] : 2
       [690-699] : 7
       [700-709] : 3
       [710-719] : 3
       [720-729] : 4
       [730-739] : 3
       [740-749] : 5
       [750-759] : 1
       [770-779] : 3
       [780-789] : 3
       [790-799] : 5
       [800-809] : 2
       [810-819] : 5
       [820-829] : 2
       [830-839] : 2
       [840-849] : 3
       [850-859] : 3
       [860-869] : 3
       [870-879] : 7
       [880-889] : 4
       [890-899] : 6
       [900-909] : 2
       [910-919] : 6
       [920-929] : 1
       [930-939] : 1
       [940-949] : 3
       [950-959] : 5
       [960-969] : 3
       [970-979] : 8
       [980-989] : 7
       [990-999] : 3
       [1000-1009] : 5
       [1010-1019] : 6
       [1020-1029] : 6
       [1030-1039] : 4
       [1040-1049] : 2
       [1050-1059] : 2
       [1060-1069] : 4
       [1070-1079] : 3
       [1080-1089] : 5
       [1090-1099] : 1
       [1100-1109] : 1
       [1110-1119] : 4
       [1120-1129] : 5
       [1130-1139] : 4
       [1140-1149] : 5
       [1150-1159] : 9
       [1160-1169] : 4
       [1170-1179] : 5
       [1180-1189] : 3
       [1190-1199] : 2
       [1200-1209] : 3
       [1210-1219] : 3
       [1220-1229] : 4
       [1230-1239] : 7
       [1240-1249] : 2
       [1250-1259] : 1
       [1260-1269] : 2
       [1270-1279] : 8
       [1280-1289] : 4
       [1290-1299] : 3
       [1300-1309] : 2
       [1310-1319] : 4
       [1320-1329] : 1
       [1330-1339] : 1
       [1340-1349] : 6
       [1350-1359] : 1
       [1370-1379] : 2
       [1380-1389] : 2
       [1390-1399] : 3
       [1400-1409] : 2
       [1410-1419] : 5
       [1420-1429] : 2
       [1430-1439] : 4
       [1440-1449] : 4
       [1450-1459] : 5
       [1460-1469] : 1
       [1470-1479] : 2
       [1490-1499] : 2
       [1500-1509] : 3
       [1510-1519] : 1
       [1520-1529] : 2
       [1530-1539] : 1
       [1560-1569] : 1
       [1570-1579] : 2
       [1590-1599] : 1
       [1600-1609] : 1
       [1610-1619] : 2
       [1620-1629] : 2
       [1630-1639] : 2
       [1640-1649] : 2
       [1660-1669] : 4
       [1670-1679] : 2
       [1680-1689] : 1
       [1700-1709] : 2
       [1710-1719] : 1
       [1720-1729] : 1
       [1730-1739] : 2
       [1740-1749] : 1
       [1750-1759] : 3
       [1770-1779] : 3
       [1780-1789] : 2
       [1790-1799] : 2
       [1800-1809] : 1
       [1810-1819] : 1
       [1820-1829] : 2
       [1830-1839] : 1
       [1840-1849] : 1
       [1850-1859] : 4
       [1880-1889] : 2
       [1890-1899] : 1
       [1900-1909] : 1
       [1920-1929] : 2
       [1940-1949] : 3
       [1950-1959] : 1
       [1960-1969] : 1
       [1970-1979] : 4
       [1980-1989] : 1
       [1990-1999] : 2
       [2010-2019] : 3
       [2020-2029] : 2
       [2030-2039] : 3
       [2040-2049] : 2
       [2060-2069] : 2
       [2080-2089] : 1
       [2100-2109] : 1
       [2120-2129] : 1
       [2130-2139] : 1
       [2140-2149] : 1
       [2150-2159] : 2
       [2170-2179] : 1
       [2180-2189] : 3
       [2190-2199] : 3
       [2200-2209] : 1
       [2220-2229] : 1
       [2230-2239] : 4
       [2250-2259] : 1
       [2270-2279] : 3
       [2280-2289] : 1
       [2300-2309] : 2
       [2370-2379] : 1
       [2390-2399] : 2
       [2400-2409] : 1
       [2420-2429] : 2
       [2440-2449] : 2
       [2450-2459] : 2
       [2460-2469] : 1
       [2470-2479] : 1
       [2480-2489] : 1
       [2510-2519] : 2
       [2520-2529] : 1
       [2550-2559] : 1
       [2580-2589] : 2
       [2600-2609] : 2
       [2620-2629] : 1
       [2630-2639] : 1
       [2650-2659] : 1
       [2690-2699] : 1
       [2700-2709] : 1
       [2760-2769] : 1
       [2860-2869] : 1
       [2870-2879] : 1
       [2880-2889] : 1
       [2910-2919] : 1
       [2930-2939] : 1
       [2940-2949] : 1
       [2950-2959] : 3
       [3010-3019] : 1
       [3030-3039] : 1
       [3050-3059] : 1
       [3060-3069] : 1
       [3090-3099] : 1
       [3140-3149] : 1
       [3190-3199] : 1
       [3200-3209] : 1
       [3230-3239] : 1
       [3240-3249] : 2
       [3270-3279] : 1
       [3300-3309] : 2
       [3330-3339] : 1
       [3340-3349] : 1
       [3360-3369] : 1
       [3470-3479] : 1
       [3540-3549] : 1
       [3750-3759] : 1
       [4380-4389] : 1

 == Pending Transactions : 0 (10000000)==
//// Channel [0] ////
