 =======================================================
 ========================1===============================
 ============== Printing Statistics [id:0]==============
   Total Return Transactions : 0 (0 bytes) aggregate average bandwidth 0.000GB/s
      -Rank   0 : 
        -Reads  : 0 (0 bytes)
        -Writes : 0 (0 bytes)
        -Bandwidth / Latency  (Bank 0): 0.000 GB/s		-nan ns
        -Bandwidth / Latency  (Bank 1): 0.000 GB/s		-nan ns
        -Bandwidth / Latency  (Bank 2): 0.000 GB/s		-nan ns
        -Bandwidth / Latency  (Bank 3): 0.000 GB/s		-nan ns
 == Power Data for Rank        0
   Average Power (watts)     : 0.000
     -Background (watts)     : 0.000
     -Act/Pre    (watts)     : 0.000
     -Burst      (watts)     : 0.000
     -Refresh    (watts)     : 0.000
      -Rank   1 : 
        -Reads  : 0 (0 bytes)
        -Writes : 0 (0 bytes)
        -Bandwidth / Latency  (Bank 0): 0.000 GB/s		-nan ns
        -Bandwidth / Latency  (Bank 1): 0.000 GB/s		-nan ns
        -Bandwidth / Latency  (Bank 2): 0.000 GB/s		-nan ns
        -Bandwidth / Latency  (Bank 3): 0.000 GB/s		-nan ns
 == Power Data for Rank        1
   Average Power (watts)     : 0.000
     -Background (watts)     : 0.000
     -Act/Pre    (watts)     : 0.000
     -Burst      (watts)     : 0.000
     -Refresh    (watts)     : 0.000
      -Rank   2 : 
        -Reads  : 0 (0 bytes)
        -Writes : 0 (0 bytes)
        -Bandwidth / Latency  (Bank 0): 0.000 GB/s		-nan ns
        -Bandwidth / Latency  (Bank 1): 0.000 GB/s		-nan ns
        -Bandwidth / Latency  (Bank 2): 0.000 GB/s		-nan ns
        -Bandwidth / Latency  (Bank 3): 0.000 GB/s		-nan ns
 == Power Data for Rank        2
   Average Power (watts)     : 0.000
     -Background (watts)     : 0.000
     -Act/Pre    (watts)     : 0.000
     -Burst      (watts)     : 0.000
     -Refresh    (watts)     : 0.000
      -Rank   3 : 
        -Reads  : 0 (0 bytes)
        -Writes : 0 (0 bytes)
        -Bandwidth / Latency  (Bank 0): 0.000 GB/s		-nan ns
        -Bandwidth / Latency  (Bank 1): 0.000 GB/s		-nan ns
        -Bandwidth / Latency  (Bank 2): 0.000 GB/s		-nan ns
        -Bandwidth / Latency  (Bank 3): 0.000 GB/s		-nan ns
 == Power Data for Rank        3
   Average Power (watts)     : 0.000
     -Background (watts)     : 0.000
     -Act/Pre    (watts)     : 0.000
     -Burst      (watts)     : 0.000
     -Refresh    (watts)     : 0.000
      -Rank   4 : 
        -Reads  : 0 (0 bytes)
        -Writes : 0 (0 bytes)
        -Bandwidth / Latency  (Bank 0): 0.000 GB/s		-nan ns
        -Bandwidth / Latency  (Bank 1): 0.000 GB/s		-nan ns
        -Bandwidth / Latency  (Bank 2): 0.000 GB/s		-nan ns
        -Bandwidth / Latency  (Bank 3): 0.000 GB/s		-nan ns
 == Power Data for Rank        4
   Average Power (watts)     : 0.000
     -Background (watts)     : 0.000
     -Act/Pre    (watts)     : 0.000
     -Burst      (watts)     : 0.000
     -Refresh    (watts)     : 0.000
      -Rank   5 : 
        -Reads  : 0 (0 bytes)
        -Writes : 0 (0 bytes)
        -Bandwidth / Latency  (Bank 0): 0.000 GB/s		-nan ns
        -Bandwidth / Latency  (Bank 1): 0.000 GB/s		-nan ns
        -Bandwidth / Latency  (Bank 2): 0.000 GB/s		-nan ns
        -Bandwidth / Latency  (Bank 3): 0.000 GB/s		-nan ns
 == Power Data for Rank        5
   Average Power (watts)     : 0.000
     -Background (watts)     : 0.000
     -Act/Pre    (watts)     : 0.000
     -Burst      (watts)     : 0.000
     -Refresh    (watts)     : 0.000
      -Rank   6 : 
        -Reads  : 0 (0 bytes)
        -Writes : 0 (0 bytes)
        -Bandwidth / Latency  (Bank 0): 0.000 GB/s		-nan ns
        -Bandwidth / Latency  (Bank 1): 0.000 GB/s		-nan ns
        -Bandwidth / Latency  (Bank 2): 0.000 GB/s		-nan ns
        -Bandwidth / Latency  (Bank 3): 0.000 GB/s		-nan ns
 == Power Data for Rank        6
   Average Power (watts)     : 0.000
     -Background (watts)     : 0.000
     -Act/Pre    (watts)     : 0.000
     -Burst      (watts)     : 0.000
     -Refresh    (watts)     : 0.000
      -Rank   7 : 
        -Reads  : 0 (0 bytes)
        -Writes : 0 (0 bytes)
        -Bandwidth / Latency  (Bank 0): 0.000 GB/s		-nan ns
        -Bandwidth / Latency  (Bank 1): 0.000 GB/s		-nan ns
        -Bandwidth / Latency  (Bank 2): 0.000 GB/s		-nan ns
        -Bandwidth / Latency  (Bank 3): 0.000 GB/s		-nan ns
 == Power Data for Rank        7
   Average Power (watts)     : 0.000
     -Background (watts)     : 0.000
     -Act/Pre    (watts)     : 0.000
     -Burst      (watts)     : 0.000
     -Refresh    (watts)     : 0.000
      -Rank   8 : 
        -Reads  : 0 (0 bytes)
        -Writes : 0 (0 bytes)
        -Bandwidth / Latency  (Bank 0): 0.000 GB/s		-nan ns
        -Bandwidth / Latency  (Bank 1): 0.000 GB/s		-nan ns
        -Bandwidth / Latency  (Bank 2): 0.000 GB/s		-nan ns
        -Bandwidth / Latency  (Bank 3): 0.000 GB/s		-nan ns
 == Power Data for Rank        8
   Average Power (watts)     : 0.000
     -Background (watts)     : 0.000
     -Act/Pre    (watts)     : 0.000
     -Burst      (watts)     : 0.000
     -Refresh    (watts)     : 0.000
      -Rank   9 : 
        -Reads  : 0 (0 bytes)
        -Writes : 0 (0 bytes)
        -Bandwidth / Latency  (Bank 0): 0.000 GB/s		-nan ns
        -Bandwidth / Latency  (Bank 1): 0.000 GB/s		-nan ns
        -Bandwidth / Latency  (Bank 2): 0.000 GB/s		-nan ns
        -Bandwidth / Latency  (Bank 3): 0.000 GB/s		-nan ns
 == Power Data for Rank        9
   Average Power (watts)     : 0.000
     -Background (watts)     : 0.000
     -Act/Pre    (watts)     : 0.000
     -Burst      (watts)     : 0.000
     -Refresh    (watts)     : 0.000
      -Rank   10 : 
        -Reads  : 0 (0 bytes)
        -Writes : 0 (0 bytes)
        -Bandwidth / Latency  (Bank 0): 0.000 GB/s		-nan ns
        -Bandwidth / Latency  (Bank 1): 0.000 GB/s		-nan ns
        -Bandwidth / Latency  (Bank 2): 0.000 GB/s		-nan ns
        -Bandwidth / Latency  (Bank 3): 0.000 GB/s		-nan ns
 == Power Data for Rank        10
   Average Power (watts)     : 0.000
     -Background (watts)     : 0.000
     -Act/Pre    (watts)     : 0.000
     -Burst      (watts)     : 0.000
     -Refresh    (watts)     : 0.000
      -Rank   11 : 
        -Reads  : 0 (0 bytes)
        -Writes : 0 (0 bytes)
        -Bandwidth / Latency  (Bank 0): 0.000 GB/s		-nan ns
        -Bandwidth / Latency  (Bank 1): 0.000 GB/s		-nan ns
        -Bandwidth / Latency  (Bank 2): 0.000 GB/s		-nan ns
        -Bandwidth / Latency  (Bank 3): 0.000 GB/s		-nan ns
 == Power Data for Rank        11
   Average Power (watts)     : 0.000
     -Background (watts)     : 0.000
     -Act/Pre    (watts)     : 0.000
     -Burst      (watts)     : 0.000
     -Refresh    (watts)     : 0.000
      -Rank   12 : 
        -Reads  : 0 (0 bytes)
        -Writes : 0 (0 bytes)
        -Bandwidth / Latency  (Bank 0): 0.000 GB/s		-nan ns
        -Bandwidth / Latency  (Bank 1): 0.000 GB/s		-nan ns
        -Bandwidth / Latency  (Bank 2): 0.000 GB/s		-nan ns
        -Bandwidth / Latency  (Bank 3): 0.000 GB/s		-nan ns
 == Power Data for Rank        12
   Average Power (watts)     : 0.000
     -Background (watts)     : 0.000
     -Act/Pre    (watts)     : 0.000
     -Burst      (watts)     : 0.000
     -Refresh    (watts)     : 0.000
      -Rank   13 : 
        -Reads  : 0 (0 bytes)
        -Writes : 0 (0 bytes)
        -Bandwidth / Latency  (Bank 0): 0.000 GB/s		-nan ns
        -Bandwidth / Latency  (Bank 1): 0.000 GB/s		-nan ns
        -Bandwidth / Latency  (Bank 2): 0.000 GB/s		-nan ns
        -Bandwidth / Latency  (Bank 3): 0.000 GB/s		-nan ns
 == Power Data for Rank        13
   Average Power (watts)     : 0.000
     -Background (watts)     : 0.000
     -Act/Pre    (watts)     : 0.000
     -Burst      (watts)     : 0.000
     -Refresh    (watts)     : 0.000
      -Rank   14 : 
        -Reads  : 0 (0 bytes)
        -Writes : 0 (0 bytes)
        -Bandwidth / Latency  (Bank 0): 0.000 GB/s		-nan ns
        -Bandwidth / Latency  (Bank 1): 0.000 GB/s		-nan ns
        -Bandwidth / Latency  (Bank 2): 0.000 GB/s		-nan ns
        -Bandwidth / Latency  (Bank 3): 0.000 GB/s		-nan ns
 == Power Data for Rank        14
   Average Power (watts)     : 0.000
     -Background (watts)     : 0.000
     -Act/Pre    (watts)     : 0.000
     -Burst      (watts)     : 0.000
     -Refresh    (watts)     : 0.000
      -Rank   15 : 
        -Reads  : 0 (0 bytes)
        -Writes : 0 (0 bytes)
        -Bandwidth / Latency  (Bank 0): 0.000 GB/s		-nan ns
        -Bandwidth / Latency  (Bank 1): 0.000 GB/s		-nan ns
        -Bandwidth / Latency  (Bank 2): 0.000 GB/s		-nan ns
        -Bandwidth / Latency  (Bank 3): 0.000 GB/s		-nan ns
 == Power Data for Rank        15
   Average Power (watts)     : 0.000
     -Background (watts)     : 0.000
     -Act/Pre    (watts)     : 0.000
     -Burst      (watts)     : 0.000
     -Refresh    (watts)     : 0.000

 == Pending Transactions : 0 (0)==
==== Channel [0] ====
 =======================================================
 ========================1===============================
 ============== Printing Statistics [id:0]==============
   Total Return Transactions : 2 (128 bytes) aggregate average bandwidth 2.426GB/s
      -Rank   0 : 
        -Reads  : 0 (0 bytes)
        -Writes : 0 (0 bytes)
        -Bandwidth / Latency  (Bank 0): 0.000 GB/s		-nan ns
        -Bandwidth / Latency  (Bank 1): 0.000 GB/s		-nan ns
        -Bandwidth / Latency  (Bank 2): 0.000 GB/s		-nan ns
        -Bandwidth / Latency  (Bank 3): 0.000 GB/s		-nan ns
 == Power Data for Rank        0
   Average Power (watts)     : 0.522
     -Background (watts)     : 0.293
     -Act/Pre    (watts)     : 0.000
     -Burst      (watts)     : 0.000
     -Refresh    (watts)     : 0.228
      -Rank   1 : 
        -Reads  : 0 (0 bytes)
        -Writes : 0 (0 bytes)
        -Bandwidth / Latency  (Bank 0): 0.000 GB/s		-nan ns
        -Bandwidth / Latency  (Bank 1): 0.000 GB/s		-nan ns
        -Bandwidth / Latency  (Bank 2): 0.000 GB/s		-nan ns
        -Bandwidth / Latency  (Bank 3): 0.000 GB/s		-nan ns
 == Power Data for Rank        1
   Average Power (watts)     : 0.498
     -Background (watts)     : 0.317
     -Act/Pre    (watts)     : 0.130
     -Burst      (watts)     : 0.050
     -Refresh    (watts)     : 0.000
      -Rank   2 : 
        -Reads  : 0 (0 bytes)
        -Writes : 0 (0 bytes)
        -Bandwidth / Latency  (Bank 0): 0.000 GB/s		-nan ns
        -Bandwidth / Latency  (Bank 1): 0.000 GB/s		-nan ns
        -Bandwidth / Latency  (Bank 2): 0.000 GB/s		-nan ns
        -Bandwidth / Latency  (Bank 3): 0.000 GB/s		-nan ns
 == Power Data for Rank        2
   Average Power (watts)     : 0.511
     -Background (watts)     : 0.315
     -Act/Pre    (watts)     : 0.195
     -Burst      (watts)     : 0.000
     -Refresh    (watts)     : 0.000
      -Rank   3 : 
        -Reads  : 1 (64 bytes)
        -Writes : 0 (0 bytes)
        -Bandwidth / Latency  (Bank 0): 0.000 GB/s		-nan ns
        -Bandwidth / Latency  (Bank 1): 0.000 GB/s		-nan ns
        -Bandwidth / Latency  (Bank 2): 1.213 GB/s		39.151 ns
        -Bandwidth / Latency  (Bank 3): 0.000 GB/s		-nan ns
 == Power Data for Rank        3
   Average Power (watts)     : 0.598
     -Background (watts)     : 0.352
     -Act/Pre    (watts)     : 0.195
     -Burst      (watts)     : 0.050
     -Refresh    (watts)     : 0.000
      -Rank   4 : 
        -Reads  : 0 (0 bytes)
        -Writes : 0 (0 bytes)
        -Bandwidth / Latency  (Bank 0): 0.000 GB/s		-nan ns
        -Bandwidth / Latency  (Bank 1): 0.000 GB/s		-nan ns
        -Bandwidth / Latency  (Bank 2): 0.000 GB/s		-nan ns
        -Bandwidth / Latency  (Bank 3): 0.000 GB/s		-nan ns
 == Power Data for Rank        4
   Average Power (watts)     : 0.764
     -Background (watts)     : 0.352
     -Act/Pre    (watts)     : 0.260
     -Burst      (watts)     : 0.151
     -Refresh    (watts)     : 0.000
      -Rank   5 : 
        -Reads  : 0 (0 bytes)
        -Writes : 0 (0 bytes)
        -Bandwidth / Latency  (Bank 0): 0.000 GB/s		-nan ns
        -Bandwidth / Latency  (Bank 1): 0.000 GB/s		-nan ns
        -Bandwidth / Latency  (Bank 2): 0.000 GB/s		-nan ns
        -Bandwidth / Latency  (Bank 3): 0.000 GB/s		-nan ns
 == Power Data for Rank        5
   Average Power (watts)     : 0.543
     -Background (watts)     : 0.348
     -Act/Pre    (watts)     : 0.195
     -Burst      (watts)     : 0.000
     -Refresh    (watts)     : 0.000
      -Rank   6 : 
        -Reads  : 0 (0 bytes)
        -Writes : 0 (0 bytes)
        -Bandwidth / Latency  (Bank 0): 0.000 GB/s		-nan ns
        -Bandwidth / Latency  (Bank 1): 0.000 GB/s		-nan ns
        -Bandwidth / Latency  (Bank 2): 0.000 GB/s		-nan ns
        -Bandwidth / Latency  (Bank 3): 0.000 GB/s		-nan ns
 == Power Data for Rank        6
   Average Power (watts)     : 0.539
     -Background (watts)     : 0.343
     -Act/Pre    (watts)     : 0.195
     -Burst      (watts)     : 0.000
     -Refresh    (watts)     : 0.000
      -Rank   7 : 
        -Reads  : 0 (0 bytes)
        -Writes : 0 (0 bytes)
        -Bandwidth / Latency  (Bank 0): 0.000 GB/s		-nan ns
        -Bandwidth / Latency  (Bank 1): 0.000 GB/s		-nan ns
        -Bandwidth / Latency  (Bank 2): 0.000 GB/s		-nan ns
        -Bandwidth / Latency  (Bank 3): 0.000 GB/s		-nan ns
 == Power Data for Rank        7
   Average Power (watts)     : 0.520
     -Background (watts)     : 0.325
     -Act/Pre    (watts)     : 0.195
     -Burst      (watts)     : 0.000
     -Refresh    (watts)     : 0.000
      -Rank   8 : 
        -Reads  : 0 (0 bytes)
        -Writes : 0 (0 bytes)
        -Bandwidth / Latency  (Bank 0): 0.000 GB/s		-nan ns
        -Bandwidth / Latency  (Bank 1): 0.000 GB/s		-nan ns
        -Bandwidth / Latency  (Bank 2): 0.000 GB/s		-nan ns
        -Bandwidth / Latency  (Bank 3): 0.000 GB/s		-nan ns
 == Power Data for Rank        8
   Average Power (watts)     : 0.521
     -Background (watts)     : 0.326
     -Act/Pre    (watts)     : 0.195
     -Burst      (watts)     : 0.000
     -Refresh    (watts)     : 0.000
      -Rank   9 : 
        -Reads  : 0 (0 bytes)
        -Writes : 0 (0 bytes)
        -Bandwidth / Latency  (Bank 0): 0.000 GB/s		-nan ns
        -Bandwidth / Latency  (Bank 1): 0.000 GB/s		-nan ns
        -Bandwidth / Latency  (Bank 2): 0.000 GB/s		-nan ns
        -Bandwidth / Latency  (Bank 3): 0.000 GB/s		-nan ns
 == Power Data for Rank        9
   Average Power (watts)     : 0.527
     -Background (watts)     : 0.332
     -Act/Pre    (watts)     : 0.195
     -Burst      (watts)     : 0.000
     -Refresh    (watts)     : 0.000
      -Rank   10 : 
        -Reads  : 0 (0 bytes)
        -Writes : 0 (0 bytes)
        -Bandwidth / Latency  (Bank 0): 0.000 GB/s		-nan ns
        -Bandwidth / Latency  (Bank 1): 0.000 GB/s		-nan ns
        -Bandwidth / Latency  (Bank 2): 0.000 GB/s		-nan ns
        -Bandwidth / Latency  (Bank 3): 0.000 GB/s		-nan ns
 == Power Data for Rank        10
   Average Power (watts)     : 0.525
     -Background (watts)     : 0.329
     -Act/Pre    (watts)     : 0.195
     -Burst      (watts)     : 0.000
     -Refresh    (watts)     : 0.000
      -Rank   11 : 
        -Reads  : 0 (0 bytes)
        -Writes : 1 (64 bytes)
        -Bandwidth / Latency  (Bank 0): 0.000 GB/s		-nan ns
        -Bandwidth / Latency  (Bank 1): 0.000 GB/s		-nan ns
        -Bandwidth / Latency  (Bank 2): 0.000 GB/s		-nan ns
        -Bandwidth / Latency  (Bank 3): 1.213 GB/s		-nan ns
 == Power Data for Rank        11
   Average Power (watts)     : 0.522
     -Background (watts)     : 0.341
     -Act/Pre    (watts)     : 0.130
     -Burst      (watts)     : 0.050
     -Refresh    (watts)     : 0.000
      -Rank   12 : 
        -Reads  : 0 (0 bytes)
        -Writes : 0 (0 bytes)
        -Bandwidth / Latency  (Bank 0): 0.000 GB/s		-nan ns
        -Bandwidth / Latency  (Bank 1): 0.000 GB/s		-nan ns
        -Bandwidth / Latency  (Bank 2): 0.000 GB/s		-nan ns
        -Bandwidth / Latency  (Bank 3): 0.000 GB/s		-nan ns
 == Power Data for Rank        12
   Average Power (watts)     : 0.476
     -Background (watts)     : 0.346
     -Act/Pre    (watts)     : 0.130
     -Burst      (watts)     : 0.000
     -Refresh    (watts)     : 0.000
      -Rank   13 : 
        -Reads  : 0 (0 bytes)
        -Writes : 0 (0 bytes)
        -Bandwidth / Latency  (Bank 0): 0.000 GB/s		-nan ns
        -Bandwidth / Latency  (Bank 1): 0.000 GB/s		-nan ns
        -Bandwidth / Latency  (Bank 2): 0.000 GB/s		-nan ns
        -Bandwidth / Latency  (Bank 3): 0.000 GB/s		-nan ns
 == Power Data for Rank        13
   Average Power (watts)     : 0.469
     -Background (watts)     : 0.339
     -Act/Pre    (watts)     : 0.130
     -Burst      (watts)     : 0.000
     -Refresh    (watts)     : 0.000
      -Rank   14 : 
        -Reads  : 0 (0 bytes)
        -Writes : 0 (0 bytes)
        -Bandwidth / Latency  (Bank 0): 0.000 GB/s		-nan ns
        -Bandwidth / Latency  (Bank 1): 0.000 GB/s		-nan ns
        -Bandwidth / Latency  (Bank 2): 0.000 GB/s		-nan ns
        -Bandwidth / Latency  (Bank 3): 0.000 GB/s		-nan ns
 == Power Data for Rank        14
   Average Power (watts)     : 0.531
     -Background (watts)     : 0.351
     -Act/Pre    (watts)     : 0.130
     -Burst      (watts)     : 0.050
     -Refresh    (watts)     : 0.000
      -Rank   15 : 
        -Reads  : 0 (0 bytes)
        -Writes : 0 (0 bytes)
        -Bandwidth / Latency  (Bank 0): 0.000 GB/s		-nan ns
        -Bandwidth / Latency  (Bank 1): 0.000 GB/s		-nan ns
        -Bandwidth / Latency  (Bank 2): 0.000 GB/s		-nan ns
        -Bandwidth / Latency  (Bank 3): 0.000 GB/s		-nan ns
 == Power Data for Rank        15
   Average Power (watts)     : 0.407
     -Background (watts)     : 0.277
     -Act/Pre    (watts)     : 0.130
     -Burst      (watts)     : 0.000
     -Refresh    (watts)     : 0.000
 ---  Latency list (1)
       [lat] : #
       [40-49] : 1

 == Pending Transactions : 30 (59)==
//// Channel [0] ////
