 =======================================================
 ========================2===============================
 ============== Printing Statistics [id:0]==============
   Total Return Transactions : 0 (0 bytes) aggregate average bandwidth 0.000GB/s
      -Rank   0 : 
        -Reads  : 0 (0 bytes)
        -Writes : 0 (0 bytes)
        -Bandwidth / Latency  (Bank 0): 0.000 GB/s		-nan ns
        -Bandwidth / Latency  (Bank 1): 0.000 GB/s		-nan ns
        -Bandwidth / Latency  (Bank 2): 0.000 GB/s		-nan ns
        -Bandwidth / Latency  (Bank 3): 0.000 GB/s		-nan ns
 == Power Data for Rank        0
   Average Power (watts)     : 0.000
     -Background (watts)     : 0.000
     -Act/Pre    (watts)     : 0.000
     -Burst      (watts)     : 0.000
     -Refresh    (watts)     : 0.000
      -Rank   1 : 
        -Reads  : 0 (0 bytes)
        -Writes : 0 (0 bytes)
        -Bandwidth / Latency  (Bank 0): 0.000 GB/s		-nan ns
        -Bandwidth / Latency  (Bank 1): 0.000 GB/s		-nan ns
        -Bandwidth / Latency  (Bank 2): 0.000 GB/s		-nan ns
        -Bandwidth / Latency  (Bank 3): 0.000 GB/s		-nan ns
 == Power Data for Rank        1
   Average Power (watts)     : 0.000
     -Background (watts)     : 0.000
     -Act/Pre    (watts)     : 0.000
     -Burst      (watts)     : 0.000
     -Refresh    (watts)     : 0.000
      -Rank   2 : 
        -Reads  : 0 (0 bytes)
        -Writes : 0 (0 bytes)
        -Bandwidth / Latency  (Bank 0): 0.000 GB/s		-nan ns
        -Bandwidth / Latency  (Bank 1): 0.000 GB/s		-nan ns
        -Bandwidth / Latency  (Bank 2): 0.000 GB/s		-nan ns
        -Bandwidth / Latency  (Bank 3): 0.000 GB/s		-nan ns
 == Power Data for Rank        2
   Average Power (watts)     : 0.000
     -Background (watts)     : 0.000
     -Act/Pre    (watts)     : 0.000
     -Burst      (watts)     : 0.000
     -Refresh    (watts)     : 0.000
      -Rank   3 : 
        -Reads  : 0 (0 bytes)
        -Writes : 0 (0 bytes)
        -Bandwidth / Latency  (Bank 0): 0.000 GB/s		-nan ns
        -Bandwidth / Latency  (Bank 1): 0.000 GB/s		-nan ns
        -Bandwidth / Latency  (Bank 2): 0.000 GB/s		-nan ns
        -Bandwidth / Latency  (Bank 3): 0.000 GB/s		-nan ns
 == Power Data for Rank        3
   Average Power (watts)     : 0.000
     -Background (watts)     : 0.000
     -Act/Pre    (watts)     : 0.000
     -Burst      (watts)     : 0.000
     -Refresh    (watts)     : 0.000
      -Rank   4 : 
        -Reads  : 0 (0 bytes)
        -Writes : 0 (0 bytes)
        -Bandwidth / Latency  (Bank 0): 0.000 GB/s		-nan ns
        -Bandwidth / Latency  (Bank 1): 0.000 GB/s		-nan ns
        -Bandwidth / Latency  (Bank 2): 0.000 GB/s		-nan ns
        -Bandwidth / Latency  (Bank 3): 0.000 GB/s		-nan ns
 == Power Data for Rank        4
   Average Power (watts)     : 0.000
     -Background (watts)     : 0.000
     -Act/Pre    (watts)     : 0.000
     -Burst      (watts)     : 0.000
     -Refresh    (watts)     : 0.000
      -Rank   5 : 
        -Reads  : 0 (0 bytes)
        -Writes : 0 (0 bytes)
        -Bandwidth / Latency  (Bank 0): 0.000 GB/s		-nan ns
        -Bandwidth / Latency  (Bank 1): 0.000 GB/s		-nan ns
        -Bandwidth / Latency  (Bank 2): 0.000 GB/s		-nan ns
        -Bandwidth / Latency  (Bank 3): 0.000 GB/s		-nan ns
 == Power Data for Rank        5
   Average Power (watts)     : 0.000
     -Background (watts)     : 0.000
     -Act/Pre    (watts)     : 0.000
     -Burst      (watts)     : 0.000
     -Refresh    (watts)     : 0.000
      -Rank   6 : 
        -Reads  : 0 (0 bytes)
        -Writes : 0 (0 bytes)
        -Bandwidth / Latency  (Bank 0): 0.000 GB/s		-nan ns
        -Bandwidth / Latency  (Bank 1): 0.000 GB/s		-nan ns
        -Bandwidth / Latency  (Bank 2): 0.000 GB/s		-nan ns
        -Bandwidth / Latency  (Bank 3): 0.000 GB/s		-nan ns
 == Power Data for Rank        6
   Average Power (watts)     : 0.000
     -Background (watts)     : 0.000
     -Act/Pre    (watts)     : 0.000
     -Burst      (watts)     : 0.000
     -Refresh    (watts)     : 0.000
      -Rank   7 : 
        -Reads  : 0 (0 bytes)
        -Writes : 0 (0 bytes)
        -Bandwidth / Latency  (Bank 0): 0.000 GB/s		-nan ns
        -Bandwidth / Latency  (Bank 1): 0.000 GB/s		-nan ns
        -Bandwidth / Latency  (Bank 2): 0.000 GB/s		-nan ns
        -Bandwidth / Latency  (Bank 3): 0.000 GB/s		-nan ns
 == Power Data for Rank        7
   Average Power (watts)     : 0.000
     -Background (watts)     : 0.000
     -Act/Pre    (watts)     : 0.000
     -Burst      (watts)     : 0.000
     -Refresh    (watts)     : 0.000
      -Rank   8 : 
        -Reads  : 0 (0 bytes)
        -Writes : 0 (0 bytes)
        -Bandwidth / Latency  (Bank 0): 0.000 GB/s		-nan ns
        -Bandwidth / Latency  (Bank 1): 0.000 GB/s		-nan ns
        -Bandwidth / Latency  (Bank 2): 0.000 GB/s		-nan ns
        -Bandwidth / Latency  (Bank 3): 0.000 GB/s		-nan ns
 == Power Data for Rank        8
   Average Power (watts)     : 0.000
     -Background (watts)     : 0.000
     -Act/Pre    (watts)     : 0.000
     -Burst      (watts)     : 0.000
     -Refresh    (watts)     : 0.000
      -Rank   9 : 
        -Reads  : 0 (0 bytes)
        -Writes : 0 (0 bytes)
        -Bandwidth / Latency  (Bank 0): 0.000 GB/s		-nan ns
        -Bandwidth / Latency  (Bank 1): 0.000 GB/s		-nan ns
        -Bandwidth / Latency  (Bank 2): 0.000 GB/s		-nan ns
        -Bandwidth / Latency  (Bank 3): 0.000 GB/s		-nan ns
 == Power Data for Rank        9
   Average Power (watts)     : 0.000
     -Background (watts)     : 0.000
     -Act/Pre    (watts)     : 0.000
     -Burst      (watts)     : 0.000
     -Refresh    (watts)     : 0.000
      -Rank   10 : 
        -Reads  : 0 (0 bytes)
        -Writes : 0 (0 bytes)
        -Bandwidth / Latency  (Bank 0): 0.000 GB/s		-nan ns
        -Bandwidth / Latency  (Bank 1): 0.000 GB/s		-nan ns
        -Bandwidth / Latency  (Bank 2): 0.000 GB/s		-nan ns
        -Bandwidth / Latency  (Bank 3): 0.000 GB/s		-nan ns
 == Power Data for Rank        10
   Average Power (watts)     : 0.000
     -Background (watts)     : 0.000
     -Act/Pre    (watts)     : 0.000
     -Burst      (watts)     : 0.000
     -Refresh    (watts)     : 0.000
      -Rank   11 : 
        -Reads  : 0 (0 bytes)
        -Writes : 0 (0 bytes)
        -Bandwidth / Latency  (Bank 0): 0.000 GB/s		-nan ns
        -Bandwidth / Latency  (Bank 1): 0.000 GB/s		-nan ns
        -Bandwidth / Latency  (Bank 2): 0.000 GB/s		-nan ns
        -Bandwidth / Latency  (Bank 3): 0.000 GB/s		-nan ns
 == Power Data for Rank        11
   Average Power (watts)     : 0.000
     -Background (watts)     : 0.000
     -Act/Pre    (watts)     : 0.000
     -Burst      (watts)     : 0.000
     -Refresh    (watts)     : 0.000
      -Rank   12 : 
        -Reads  : 0 (0 bytes)
        -Writes : 0 (0 bytes)
        -Bandwidth / Latency  (Bank 0): 0.000 GB/s		-nan ns
        -Bandwidth / Latency  (Bank 1): 0.000 GB/s		-nan ns
        -Bandwidth / Latency  (Bank 2): 0.000 GB/s		-nan ns
        -Bandwidth / Latency  (Bank 3): 0.000 GB/s		-nan ns
 == Power Data for Rank        12
   Average Power (watts)     : 0.000
     -Background (watts)     : 0.000
     -Act/Pre    (watts)     : 0.000
     -Burst      (watts)     : 0.000
     -Refresh    (watts)     : 0.000
      -Rank   13 : 
        -Reads  : 0 (0 bytes)
        -Writes : 0 (0 bytes)
        -Bandwidth / Latency  (Bank 0): 0.000 GB/s		-nan ns
        -Bandwidth / Latency  (Bank 1): 0.000 GB/s		-nan ns
        -Bandwidth / Latency  (Bank 2): 0.000 GB/s		-nan ns
        -Bandwidth / Latency  (Bank 3): 0.000 GB/s		-nan ns
 == Power Data for Rank        13
   Average Power (watts)     : 0.000
     -Background (watts)     : 0.000
     -Act/Pre    (watts)     : 0.000
     -Burst      (watts)     : 0.000
     -Refresh    (watts)     : 0.000
      -Rank   14 : 
        -Reads  : 0 (0 bytes)
        -Writes : 0 (0 bytes)
        -Bandwidth / Latency  (Bank 0): 0.000 GB/s		-nan ns
        -Bandwidth / Latency  (Bank 1): 0.000 GB/s		-nan ns
        -Bandwidth / Latency  (Bank 2): 0.000 GB/s		-nan ns
        -Bandwidth / Latency  (Bank 3): 0.000 GB/s		-nan ns
 == Power Data for Rank        14
   Average Power (watts)     : 0.000
     -Background (watts)     : 0.000
     -Act/Pre    (watts)     : 0.000
     -Burst      (watts)     : 0.000
     -Refresh    (watts)     : 0.000
      -Rank   15 : 
        -Reads  : 0 (0 bytes)
        -Writes : 0 (0 bytes)
        -Bandwidth / Latency  (Bank 0): 0.000 GB/s		-nan ns
        -Bandwidth / Latency  (Bank 1): 0.000 GB/s		-nan ns
        -Bandwidth / Latency  (Bank 2): 0.000 GB/s		-nan ns
        -Bandwidth / Latency  (Bank 3): 0.000 GB/s		-nan ns
 == Power Data for Rank        15
   Average Power (watts)     : 0.000
     -Background (watts)     : 0.000
     -Act/Pre    (watts)     : 0.000
     -Burst      (watts)     : 0.000
     -Refresh    (watts)     : 0.000

 == Pending Transactions : 0 (0)==
==== Channel [0] ====
 =======================================================
 ========================2===============================
 ============== Printing Statistics [id:0]==============
   Total Return Transactions : 1481 (94784 bytes) aggregate average bandwidth 0.353GB/s
      -Rank   0 : 
        -Reads  : 76 (4864 bytes)
        -Writes : 29 (1856 bytes)
        -Bandwidth / Latency  (Bank 0): 0.008 GB/s		50.634 ns
        -Bandwidth / Latency  (Bank 1): 0.006 GB/s		34.006 ns
        -Bandwidth / Latency  (Bank 2): 0.005 GB/s		57.255 ns
        -Bandwidth / Latency  (Bank 3): 0.005 GB/s		40.296 ns
 == Power Data for Rank        0
   Average Power (watts)     : 0.250
     -Background (watts)     : 0.246
     -Act/Pre    (watts)     : 0.001
     -Burst      (watts)     : 0.001
     -Refresh    (watts)     : 0.001
      -Rank   1 : 
        -Reads  : 70 (4480 bytes)
        -Writes : 22 (1408 bytes)
        -Bandwidth / Latency  (Bank 0): 0.005 GB/s		39.370 ns
        -Bandwidth / Latency  (Bank 1): 0.006 GB/s		33.934 ns
        -Bandwidth / Latency  (Bank 2): 0.005 GB/s		33.945 ns
        -Bandwidth / Latency  (Bank 3): 0.006 GB/s		34.236 ns
 == Power Data for Rank        1
   Average Power (watts)     : 0.250
     -Background (watts)     : 0.246
     -Act/Pre    (watts)     : 0.001
     -Burst      (watts)     : 0.001
     -Refresh    (watts)     : 0.001
      -Rank   2 : 
        -Reads  : 66 (4224 bytes)
        -Writes : 26 (1664 bytes)
        -Bandwidth / Latency  (Bank 0): 0.007 GB/s		46.529 ns
        -Bandwidth / Latency  (Bank 1): 0.005 GB/s		37.485 ns
        -Bandwidth / Latency  (Bank 2): 0.005 GB/s		33.961 ns
        -Bandwidth / Latency  (Bank 3): 0.005 GB/s		35.865 ns
 == Power Data for Rank        2
   Average Power (watts)     : 0.250
     -Background (watts)     : 0.246
     -Act/Pre    (watts)     : 0.001
     -Burst      (watts)     : 0.001
     -Refresh    (watts)     : 0.001
      -Rank   3 : 
        -Reads  : 60 (3840 bytes)
        -Writes : 25 (1600 bytes)
        -Bandwidth / Latency  (Bank 0): 0.005 GB/s		34.205 ns
        -Bandwidth / Latency  (Bank 1): 0.004 GB/s		34.153 ns
        -Bandwidth / Latency  (Bank 2): 0.005 GB/s		34.153 ns
        -Bandwidth / Latency  (Bank 3): 0.005 GB/s		34.202 ns
 == Power Data for Rank        3
   Average Power (watts)     : 0.249
     -Background (watts)     : 0.246
     -Act/Pre    (watts)     : 0.001
     -Burst      (watts)     : 0.001
     -Refresh    (watts)     : 0.001
      -Rank   4 : 
        -Reads  : 75 (4800 bytes)
        -Writes : 26 (1664 bytes)
        -Bandwidth / Latency  (Bank 0): 0.006 GB/s		34.153 ns
        -Bandwidth / Latency  (Bank 1): 0.006 GB/s		34.028 ns
        -Bandwidth / Latency  (Bank 2): 0.006 GB/s		35.084 ns
        -Bandwidth / Latency  (Bank 3): 0.006 GB/s		34.153 ns
 == Power Data for Rank        4
   Average Power (watts)     : 0.250
     -Background (watts)     : 0.246
     -Act/Pre    (watts)     : 0.001
     -Burst      (watts)     : 0.001
     -Refresh    (watts)     : 0.001
      -Rank   5 : 
        -Reads  : 65 (4160 bytes)
        -Writes : 28 (1792 bytes)
        -Bandwidth / Latency  (Bank 0): 0.006 GB/s		33.997 ns
        -Bandwidth / Latency  (Bank 1): 0.005 GB/s		39.568 ns
        -Bandwidth / Latency  (Bank 2): 0.005 GB/s		34.153 ns
        -Bandwidth / Latency  (Bank 3): 0.006 GB/s		34.028 ns
 == Power Data for Rank        5
   Average Power (watts)     : 0.250
     -Background (watts)     : 0.246
     -Act/Pre    (watts)     : 0.001
     -Burst      (watts)     : 0.001
     -Refresh    (watts)     : 0.001
      -Rank   6 : 
        -Reads  : 61 (3904 bytes)
        -Writes : 28 (1792 bytes)
        -Bandwidth / Latency  (Bank 0): 0.005 GB/s		46.588 ns
        -Bandwidth / Latency  (Bank 1): 0.004 GB/s		34.229 ns
        -Bandwidth / Latency  (Bank 2): 0.005 GB/s		34.153 ns
        -Bandwidth / Latency  (Bank 3): 0.006 GB/s		34.153 ns
 == Power Data for Rank        6
   Average Power (watts)     : 0.249
     -Background (watts)     : 0.246
     -Act/Pre    (watts)     : 0.001
     -Burst      (watts)     : 0.001
     -Refresh    (watts)     : 0.001
      -Rank   7 : 
        -Reads  : 70 (4480 bytes)
        -Writes : 29 (1856 bytes)
        -Bandwidth / Latency  (Bank 0): 0.006 GB/s		61.642 ns
        -Bandwidth / Latency  (Bank 1): 0.005 GB/s		34.153 ns
        -Bandwidth / Latency  (Bank 2): 0.007 GB/s		34.109 ns
        -Bandwidth / Latency  (Bank 3): 0.007 GB/s		44.149 ns
 == Power Data for Rank        7
   Average Power (watts)     : 0.250
     -Background (watts)     : 0.246
     -Act/Pre    (watts)     : 0.001
     -Burst      (watts)     : 0.001
     -Refresh    (watts)     : 0.001
      -Rank   8 : 
        -Reads  : 56 (3584 bytes)
        -Writes : 31 (1984 bytes)
        -Bandwidth / Latency  (Bank 0): 0.005 GB/s		34.320 ns
        -Bandwidth / Latency  (Bank 1): 0.005 GB/s		34.153 ns
        -Bandwidth / Latency  (Bank 2): 0.005 GB/s		34.153 ns
        -Bandwidth / Latency  (Bank 3): 0.005 GB/s		34.153 ns
 == Power Data for Rank        8
   Average Power (watts)     : 0.249
     -Background (watts)     : 0.246
     -Act/Pre    (watts)     : 0.001
     -Burst      (watts)     : 0.001
     -Refresh    (watts)     : 0.001
      -Rank   9 : 
        -Reads  : 64 (4096 bytes)
        -Writes : 27 (1728 bytes)
        -Bandwidth / Latency  (Bank 0): 0.006 GB/s		34.153 ns
        -Bandwidth / Latency  (Bank 1): 0.005 GB/s		40.135 ns
        -Bandwidth / Latency  (Bank 2): 0.005 GB/s		39.865 ns
        -Bandwidth / Latency  (Bank 3): 0.006 GB/s		45.180 ns
 == Power Data for Rank        9
   Average Power (watts)     : 0.249
     -Background (watts)     : 0.246
     -Act/Pre    (watts)     : 0.001
     -Burst      (watts)     : 0.001
     -Refresh    (watts)     : 0.001
      -Rank   10 : 
        -Reads  : 53 (3392 bytes)
        -Writes : 25 (1600 bytes)
        -Bandwidth / Latency  (Bank 0): 0.005 GB/s		34.926 ns
        -Bandwidth / Latency  (Bank 1): 0.004 GB/s		34.153 ns
        -Bandwidth / Latency  (Bank 2): 0.004 GB/s		59.809 ns
        -Bandwidth / Latency  (Bank 3): 0.005 GB/s		34.153 ns
 == Power Data for Rank        10
   Average Power (watts)     : 0.249
     -Background (watts)     : 0.246
     -Act/Pre    (watts)     : 0.001
     -Burst      (watts)     : 0.001
     -Refresh    (watts)     : 0.001
      -Rank   11 : 
        -Reads  : 61 (3904 bytes)
        -Writes : 26 (1664 bytes)
        -Bandwidth / Latency  (Bank 0): 0.005 GB/s		37.485 ns
        -Bandwidth / Latency  (Bank 1): 0.006 GB/s		35.280 ns
        -Bandwidth / Latency  (Bank 2): 0.005 GB/s		57.715 ns
        -Bandwidth / Latency  (Bank 3): 0.004 GB/s		34.153 ns
 == Power Data for Rank        11
   Average Power (watts)     : 0.249
     -Background (watts)     : 0.246
     -Act/Pre    (watts)     : 0.001
     -Burst      (watts)     : 0.001
     -Refresh    (watts)     : 0.001
      -Rank   12 : 
        -Reads  : 72 (4608 bytes)
        -Writes : 29 (1856 bytes)
        -Bandwidth / Latency  (Bank 0): 0.006 GB/s		34.060 ns
        -Bandwidth / Latency  (Bank 1): 0.007 GB/s		36.402 ns
        -Bandwidth / Latency  (Bank 2): 0.005 GB/s		33.653 ns
        -Bandwidth / Latency  (Bank 3): 0.005 GB/s		35.687 ns
 == Power Data for Rank        12
   Average Power (watts)     : 0.250
     -Background (watts)     : 0.246
     -Act/Pre    (watts)     : 0.001
     -Burst      (watts)     : 0.001
     -Refresh    (watts)     : 0.001
      -Rank   13 : 
        -Reads  : 60 (3840 bytes)
        -Writes : 28 (1792 bytes)
        -Bandwidth / Latency  (Bank 0): 0.005 GB/s		33.986 ns
        -Bandwidth / Latency  (Bank 1): 0.006 GB/s		44.835 ns
        -Bandwidth / Latency  (Bank 2): 0.004 GB/s		34.077 ns
        -Bandwidth / Latency  (Bank 3): 0.005 GB/s		58.653 ns
 == Power Data for Rank        13
   Average Power (watts)     : 0.249
     -Background (watts)     : 0.246
     -Act/Pre    (watts)     : 0.001
     -Burst      (watts)     : 0.001
     -Refresh    (watts)     : 0.001
      -Rank   14 : 
        -Reads  : 70 (4480 bytes)
        -Writes : 24 (1536 bytes)
        -Bandwidth / Latency  (Bank 0): 0.005 GB/s		37.797 ns
        -Bandwidth / Latency  (Bank 1): 0.007 GB/s		51.229 ns
        -Bandwidth / Latency  (Bank 2): 0.005 GB/s		46.704 ns
        -Bandwidth / Latency  (Bank 3): 0.005 GB/s		34.055 ns
 == Power Data for Rank        14
   Average Power (watts)     : 0.250
     -Background (watts)     : 0.246
     -Act/Pre    (watts)     : 0.001
     -Burst      (watts)     : 0.001
     -Refresh    (watts)     : 0.001
      -Rank   15 : 
        -Reads  : 76 (4864 bytes)
        -Writes : 23 (1472 bytes)
        -Bandwidth / Latency  (Bank 0): 0.006 GB/s		47.273 ns
        -Bandwidth / Latency  (Bank 1): 0.005 GB/s		50.646 ns
        -Bandwidth / Latency  (Bank 2): 0.005 GB/s		42.900 ns
        -Bandwidth / Latency  (Bank 3): 0.007 GB/s		41.550 ns
 == Power Data for Rank        15
   Average Power (watts)     : 0.250
     -Background (watts)     : 0.246
     -Act/Pre    (watts)     : 0.001
     -Burst      (watts)     : 0.001
     -Refresh    (watts)     : 0.001
 ---  Latency list (26)
       [lat] : #
       [30-39] : 39
       [40-49] : 964
       [50-59] : 7
       [60-69] : 1
       [70-79] : 5
       [80-89] : 2
       [90-99] : 6
       [100-109] : 1
       [110-119] : 1
       [120-129] : 1
       [130-139] : 1
       [140-149] : 2
       [150-159] : 3
       [160-169] : 1
       [180-189] : 4
       [200-209] : 2
       [210-219] : 1
       [240-249] : 1
       [250-259] : 1
       [260-269] : 1
       [280-289] : 1
       [290-299] : 1
       [310-319] : 2
       [330-339] : 2
       [340-349] : 2
       [350-359] : 3

 == Pending Transactions : 0 (300002)==
//// Channel [0] ////
