 =======================================================
 ========================2===============================
 ============== Printing Statistics [id:0]==============
   Total Return Transactions : 0 (0 bytes) aggregate average bandwidth 0.000GB/s
      -Rank   0 : 
        -Reads  : 0 (0 bytes)
        -Writes : 0 (0 bytes)
        -Bandwidth / Latency  (Bank 0): 0.000 GB/s		-nan ns
        -Bandwidth / Latency  (Bank 1): 0.000 GB/s		-nan ns
        -Bandwidth / Latency  (Bank 2): 0.000 GB/s		-nan ns
        -Bandwidth / Latency  (Bank 3): 0.000 GB/s		-nan ns
 == Power Data for Rank        0
   Average Power (watts)     : 0.000
     -Background (watts)     : 0.000
     -Act/Pre    (watts)     : 0.000
     -Burst      (watts)     : 0.000
     -Refresh    (watts)     : 0.000
      -Rank   1 : 
        -Reads  : 0 (0 bytes)
        -Writes : 0 (0 bytes)
        -Bandwidth / Latency  (Bank 0): 0.000 GB/s		-nan ns
        -Bandwidth / Latency  (Bank 1): 0.000 GB/s		-nan ns
        -Bandwidth / Latency  (Bank 2): 0.000 GB/s		-nan ns
        -Bandwidth / Latency  (Bank 3): 0.000 GB/s		-nan ns
 == Power Data for Rank        1
   Average Power (watts)     : 0.000
     -Background (watts)     : 0.000
     -Act/Pre    (watts)     : 0.000
     -Burst      (watts)     : 0.000
     -Refresh    (watts)     : 0.000
      -Rank   2 : 
        -Reads  : 0 (0 bytes)
        -Writes : 0 (0 bytes)
        -Bandwidth / Latency  (Bank 0): 0.000 GB/s		-nan ns
        -Bandwidth / Latency  (Bank 1): 0.000 GB/s		-nan ns
        -Bandwidth / Latency  (Bank 2): 0.000 GB/s		-nan ns
        -Bandwidth / Latency  (Bank 3): 0.000 GB/s		-nan ns
 == Power Data for Rank        2
   Average Power (watts)     : 0.000
     -Background (watts)     : 0.000
     -Act/Pre    (watts)     : 0.000
     -Burst      (watts)     : 0.000
     -Refresh    (watts)     : 0.000
      -Rank   3 : 
        -Reads  : 0 (0 bytes)
        -Writes : 0 (0 bytes)
        -Bandwidth / Latency  (Bank 0): 0.000 GB/s		-nan ns
        -Bandwidth / Latency  (Bank 1): 0.000 GB/s		-nan ns
        -Bandwidth / Latency  (Bank 2): 0.000 GB/s		-nan ns
        -Bandwidth / Latency  (Bank 3): 0.000 GB/s		-nan ns
 == Power Data for Rank        3
   Average Power (watts)     : 0.000
     -Background (watts)     : 0.000
     -Act/Pre    (watts)     : 0.000
     -Burst      (watts)     : 0.000
     -Refresh    (watts)     : 0.000
      -Rank   4 : 
        -Reads  : 0 (0 bytes)
        -Writes : 0 (0 bytes)
        -Bandwidth / Latency  (Bank 0): 0.000 GB/s		-nan ns
        -Bandwidth / Latency  (Bank 1): 0.000 GB/s		-nan ns
        -Bandwidth / Latency  (Bank 2): 0.000 GB/s		-nan ns
        -Bandwidth / Latency  (Bank 3): 0.000 GB/s		-nan ns
 == Power Data for Rank        4
   Average Power (watts)     : 0.000
     -Background (watts)     : 0.000
     -Act/Pre    (watts)     : 0.000
     -Burst      (watts)     : 0.000
     -Refresh    (watts)     : 0.000
      -Rank   5 : 
        -Reads  : 0 (0 bytes)
        -Writes : 0 (0 bytes)
        -Bandwidth / Latency  (Bank 0): 0.000 GB/s		-nan ns
        -Bandwidth / Latency  (Bank 1): 0.000 GB/s		-nan ns
        -Bandwidth / Latency  (Bank 2): 0.000 GB/s		-nan ns
        -Bandwidth / Latency  (Bank 3): 0.000 GB/s		-nan ns
 == Power Data for Rank        5
   Average Power (watts)     : 0.000
     -Background (watts)     : 0.000
     -Act/Pre    (watts)     : 0.000
     -Burst      (watts)     : 0.000
     -Refresh    (watts)     : 0.000
      -Rank   6 : 
        -Reads  : 0 (0 bytes)
        -Writes : 0 (0 bytes)
        -Bandwidth / Latency  (Bank 0): 0.000 GB/s		-nan ns
        -Bandwidth / Latency  (Bank 1): 0.000 GB/s		-nan ns
        -Bandwidth / Latency  (Bank 2): 0.000 GB/s		-nan ns
        -Bandwidth / Latency  (Bank 3): 0.000 GB/s		-nan ns
 == Power Data for Rank        6
   Average Power (watts)     : 0.000
     -Background (watts)     : 0.000
     -Act/Pre    (watts)     : 0.000
     -Burst      (watts)     : 0.000
     -Refresh    (watts)     : 0.000
      -Rank   7 : 
        -Reads  : 0 (0 bytes)
        -Writes : 0 (0 bytes)
        -Bandwidth / Latency  (Bank 0): 0.000 GB/s		-nan ns
        -Bandwidth / Latency  (Bank 1): 0.000 GB/s		-nan ns
        -Bandwidth / Latency  (Bank 2): 0.000 GB/s		-nan ns
        -Bandwidth / Latency  (Bank 3): 0.000 GB/s		-nan ns
 == Power Data for Rank        7
   Average Power (watts)     : 0.000
     -Background (watts)     : 0.000
     -Act/Pre    (watts)     : 0.000
     -Burst      (watts)     : 0.000
     -Refresh    (watts)     : 0.000
      -Rank   8 : 
        -Reads  : 0 (0 bytes)
        -Writes : 0 (0 bytes)
        -Bandwidth / Latency  (Bank 0): 0.000 GB/s		-nan ns
        -Bandwidth / Latency  (Bank 1): 0.000 GB/s		-nan ns
        -Bandwidth / Latency  (Bank 2): 0.000 GB/s		-nan ns
        -Bandwidth / Latency  (Bank 3): 0.000 GB/s		-nan ns
 == Power Data for Rank        8
   Average Power (watts)     : 0.000
     -Background (watts)     : 0.000
     -Act/Pre    (watts)     : 0.000
     -Burst      (watts)     : 0.000
     -Refresh    (watts)     : 0.000
      -Rank   9 : 
        -Reads  : 0 (0 bytes)
        -Writes : 0 (0 bytes)
        -Bandwidth / Latency  (Bank 0): 0.000 GB/s		-nan ns
        -Bandwidth / Latency  (Bank 1): 0.000 GB/s		-nan ns
        -Bandwidth / Latency  (Bank 2): 0.000 GB/s		-nan ns
        -Bandwidth / Latency  (Bank 3): 0.000 GB/s		-nan ns
 == Power Data for Rank        9
   Average Power (watts)     : 0.000
     -Background (watts)     : 0.000
     -Act/Pre    (watts)     : 0.000
     -Burst      (watts)     : 0.000
     -Refresh    (watts)     : 0.000
      -Rank   10 : 
        -Reads  : 0 (0 bytes)
        -Writes : 0 (0 bytes)
        -Bandwidth / Latency  (Bank 0): 0.000 GB/s		-nan ns
        -Bandwidth / Latency  (Bank 1): 0.000 GB/s		-nan ns
        -Bandwidth / Latency  (Bank 2): 0.000 GB/s		-nan ns
        -Bandwidth / Latency  (Bank 3): 0.000 GB/s		-nan ns
 == Power Data for Rank        10
   Average Power (watts)     : 0.000
     -Background (watts)     : 0.000
     -Act/Pre    (watts)     : 0.000
     -Burst      (watts)     : 0.000
     -Refresh    (watts)     : 0.000
      -Rank   11 : 
        -Reads  : 0 (0 bytes)
        -Writes : 0 (0 bytes)
        -Bandwidth / Latency  (Bank 0): 0.000 GB/s		-nan ns
        -Bandwidth / Latency  (Bank 1): 0.000 GB/s		-nan ns
        -Bandwidth / Latency  (Bank 2): 0.000 GB/s		-nan ns
        -Bandwidth / Latency  (Bank 3): 0.000 GB/s		-nan ns
 == Power Data for Rank        11
   Average Power (watts)     : 0.000
     -Background (watts)     : 0.000
     -Act/Pre    (watts)     : 0.000
     -Burst      (watts)     : 0.000
     -Refresh    (watts)     : 0.000
      -Rank   12 : 
        -Reads  : 0 (0 bytes)
        -Writes : 0 (0 bytes)
        -Bandwidth / Latency  (Bank 0): 0.000 GB/s		-nan ns
        -Bandwidth / Latency  (Bank 1): 0.000 GB/s		-nan ns
        -Bandwidth / Latency  (Bank 2): 0.000 GB/s		-nan ns
        -Bandwidth / Latency  (Bank 3): 0.000 GB/s		-nan ns
 == Power Data for Rank        12
   Average Power (watts)     : 0.000
     -Background (watts)     : 0.000
     -Act/Pre    (watts)     : 0.000
     -Burst      (watts)     : 0.000
     -Refresh    (watts)     : 0.000
      -Rank   13 : 
        -Reads  : 0 (0 bytes)
        -Writes : 0 (0 bytes)
        -Bandwidth / Latency  (Bank 0): 0.000 GB/s		-nan ns
        -Bandwidth / Latency  (Bank 1): 0.000 GB/s		-nan ns
        -Bandwidth / Latency  (Bank 2): 0.000 GB/s		-nan ns
        -Bandwidth / Latency  (Bank 3): 0.000 GB/s		-nan ns
 == Power Data for Rank        13
   Average Power (watts)     : 0.000
     -Background (watts)     : 0.000
     -Act/Pre    (watts)     : 0.000
     -Burst      (watts)     : 0.000
     -Refresh    (watts)     : 0.000
      -Rank   14 : 
        -Reads  : 0 (0 bytes)
        -Writes : 0 (0 bytes)
        -Bandwidth / Latency  (Bank 0): 0.000 GB/s		-nan ns
        -Bandwidth / Latency  (Bank 1): 0.000 GB/s		-nan ns
        -Bandwidth / Latency  (Bank 2): 0.000 GB/s		-nan ns
        -Bandwidth / Latency  (Bank 3): 0.000 GB/s		-nan ns
 == Power Data for Rank        14
   Average Power (watts)     : 0.000
     -Background (watts)     : 0.000
     -Act/Pre    (watts)     : 0.000
     -Burst      (watts)     : 0.000
     -Refresh    (watts)     : 0.000
      -Rank   15 : 
        -Reads  : 0 (0 bytes)
        -Writes : 0 (0 bytes)
        -Bandwidth / Latency  (Bank 0): 0.000 GB/s		-nan ns
        -Bandwidth / Latency  (Bank 1): 0.000 GB/s		-nan ns
        -Bandwidth / Latency  (Bank 2): 0.000 GB/s		-nan ns
        -Bandwidth / Latency  (Bank 3): 0.000 GB/s		-nan ns
 == Power Data for Rank        15
   Average Power (watts)     : 0.000
     -Background (watts)     : 0.000
     -Act/Pre    (watts)     : 0.000
     -Burst      (watts)     : 0.000
     -Refresh    (watts)     : 0.000

 == Pending Transactions : 0 (0)==
==== Channel [0] ====
 =======================================================
 ========================2===============================
 ============== Printing Statistics [id:0]==============
   Total Return Transactions : 1540 (98560 bytes) aggregate average bandwidth 0.011GB/s
      -Rank   0 : 
        -Reads  : 76 (4864 bytes)
        -Writes : 30 (1920 bytes)
        -Bandwidth / Latency  (Bank 0): 0.000 GB/s		846.566 ns
        -Bandwidth / Latency  (Bank 1): 0.000 GB/s		1214.931 ns
        -Bandwidth / Latency  (Bank 2): 0.000 GB/s		893.698 ns
        -Bandwidth / Latency  (Bank 3): 0.000 GB/s		1102.614 ns
 == Power Data for Rank        0
   Average Power (watts)     : 0.246
     -Background (watts)     : 0.244
     -Act/Pre    (watts)     : 0.000
     -Burst      (watts)     : 0.000
     -Refresh    (watts)     : 0.001
      -Rank   1 : 
        -Reads  : 71 (4544 bytes)
        -Writes : 22 (1408 bytes)
        -Bandwidth / Latency  (Bank 0): 0.000 GB/s		235.554 ns
        -Bandwidth / Latency  (Bank 1): 0.000 GB/s		370.477 ns
        -Bandwidth / Latency  (Bank 2): 0.000 GB/s		242.542 ns
        -Bandwidth / Latency  (Bank 3): 0.000 GB/s		286.314 ns
 == Power Data for Rank        1
   Average Power (watts)     : 0.246
     -Background (watts)     : 0.244
     -Act/Pre    (watts)     : 0.000
     -Burst      (watts)     : 0.000
     -Refresh    (watts)     : 0.001
      -Rank   2 : 
        -Reads  : 71 (4544 bytes)
        -Writes : 27 (1728 bytes)
        -Bandwidth / Latency  (Bank 0): 0.000 GB/s		508.130 ns
        -Bandwidth / Latency  (Bank 1): 0.000 GB/s		464.481 ns
        -Bandwidth / Latency  (Bank 2): 0.000 GB/s		358.357 ns
        -Bandwidth / Latency  (Bank 3): 0.000 GB/s		334.822 ns
 == Power Data for Rank        2
   Average Power (watts)     : 0.246
     -Background (watts)     : 0.244
     -Act/Pre    (watts)     : 0.000
     -Burst      (watts)     : 0.000
     -Refresh    (watts)     : 0.001
      -Rank   3 : 
        -Reads  : 64 (4096 bytes)
        -Writes : 27 (1728 bytes)
        -Bandwidth / Latency  (Bank 0): 0.000 GB/s		489.265 ns
        -Bandwidth / Latency  (Bank 1): 0.000 GB/s		685.635 ns
        -Bandwidth / Latency  (Bank 2): 0.000 GB/s		1164.289 ns
        -Bandwidth / Latency  (Bank 3): 0.000 GB/s		408.871 ns
 == Power Data for Rank        3
   Average Power (watts)     : 0.246
     -Background (watts)     : 0.244
     -Act/Pre    (watts)     : 0.000
     -Burst      (watts)     : 0.000
     -Refresh    (watts)     : 0.001
      -Rank   4 : 
        -Reads  : 79 (5056 bytes)
        -Writes : 28 (1792 bytes)
        -Bandwidth / Latency  (Bank 0): 0.000 GB/s		619.007 ns
        -Bandwidth / Latency  (Bank 1): 0.000 GB/s		858.863 ns
        -Bandwidth / Latency  (Bank 2): 0.000 GB/s		820.551 ns
        -Bandwidth / Latency  (Bank 3): 0.000 GB/s		695.357 ns
 == Power Data for Rank        4
   Average Power (watts)     : 0.246
     -Background (watts)     : 0.244
     -Act/Pre    (watts)     : 0.000
     -Burst      (watts)     : 0.000
     -Refresh    (watts)     : 0.001
      -Rank   5 : 
        -Reads  : 66 (4224 bytes)
        -Writes : 29 (1856 bytes)
        -Bandwidth / Latency  (Bank 0): 0.000 GB/s		908.081 ns
        -Bandwidth / Latency  (Bank 1): 0.000 GB/s		1067.017 ns
        -Bandwidth / Latency  (Bank 2): 0.000 GB/s		779.115 ns
        -Bandwidth / Latency  (Bank 3): 0.000 GB/s		585.266 ns
 == Power Data for Rank        5
   Average Power (watts)     : 0.246
     -Background (watts)     : 0.244
     -Act/Pre    (watts)     : 0.000
     -Burst      (watts)     : 0.000
     -Refresh    (watts)     : 0.001
      -Rank   6 : 
        -Reads  : 64 (4096 bytes)
        -Writes : 30 (1920 bytes)
        -Bandwidth / Latency  (Bank 0): 0.000 GB/s		821.517 ns
        -Bandwidth / Latency  (Bank 1): 0.000 GB/s		1001.335 ns
        -Bandwidth / Latency  (Bank 2): 0.000 GB/s		967.998 ns
        -Bandwidth / Latency  (Bank 3): 0.000 GB/s		914.823 ns
 == Power Data for Rank        6
   Average Power (watts)     : 0.246
     -Background (watts)     : 0.244
     -Act/Pre    (watts)     : 0.000
     -Burst      (watts)     : 0.000
     -Refresh    (watts)     : 0.001
      -Rank   7 : 
        -Reads  : 72 (4608 bytes)
        -Writes : 32 (2048 bytes)
        -Bandwidth / Latency  (Bank 0): 0.000 GB/s		448.466 ns
        -Bandwidth / Latency  (Bank 1): 0.000 GB/s		578.102 ns
        -Bandwidth / Latency  (Bank 2): 0.000 GB/s		1143.402 ns
        -Bandwidth / Latency  (Bank 3): 0.000 GB/s		520.972 ns
 == Power Data for Rank        7
   Average Power (watts)     : 0.246
     -Background (watts)     : 0.244
     -Act/Pre    (watts)     : 0.000
     -Burst      (watts)     : 0.000
     -Refresh    (watts)     : 0.001
      -Rank   8 : 
        -Reads  : 58 (3712 bytes)
        -Writes : 33 (2112 bytes)
        -Bandwidth / Latency  (Bank 0): 0.000 GB/s		547.003 ns
        -Bandwidth / Latency  (Bank 1): 0.000 GB/s		534.209 ns
        -Bandwidth / Latency  (Bank 2): 0.000 GB/s		1188.883 ns
        -Bandwidth / Latency  (Bank 3): 0.000 GB/s		645.722 ns
 == Power Data for Rank        8
   Average Power (watts)     : 0.246
     -Background (watts)     : 0.244
     -Act/Pre    (watts)     : 0.000
     -Burst      (watts)     : 0.000
     -Refresh    (watts)     : 0.001
      -Rank   9 : 
        -Reads  : 68 (4352 bytes)
        -Writes : 28 (1792 bytes)
        -Bandwidth / Latency  (Bank 0): 0.000 GB/s		245.272 ns
        -Bandwidth / Latency  (Bank 1): 0.000 GB/s		879.926 ns
        -Bandwidth / Latency  (Bank 2): 0.000 GB/s		517.959 ns
        -Bandwidth / Latency  (Bank 3): 0.000 GB/s		238.166 ns
 == Power Data for Rank        9
   Average Power (watts)     : 0.246
     -Background (watts)     : 0.244
     -Act/Pre    (watts)     : 0.000
     -Burst      (watts)     : 0.000
     -Refresh    (watts)     : 0.001
      -Rank   10 : 
        -Reads  : 57 (3648 bytes)
        -Writes : 28 (1792 bytes)
        -Bandwidth / Latency  (Bank 0): 0.000 GB/s		1034.408 ns
        -Bandwidth / Latency  (Bank 1): 0.000 GB/s		1636.706 ns
        -Bandwidth / Latency  (Bank 2): 0.000 GB/s		981.205 ns
        -Bandwidth / Latency  (Bank 3): 0.000 GB/s		587.133 ns
 == Power Data for Rank        10
   Average Power (watts)     : 0.246
     -Background (watts)     : 0.244
     -Act/Pre    (watts)     : 0.000
     -Burst      (watts)     : 0.000
     -Refresh    (watts)     : 0.001
      -Rank   11 : 
        -Reads  : 62 (3968 bytes)
        -Writes : 28 (1792 bytes)
        -Bandwidth / Latency  (Bank 0): 0.000 GB/s		555.403 ns
        -Bandwidth / Latency  (Bank 1): 0.000 GB/s		842.024 ns
        -Bandwidth / Latency  (Bank 2): 0.000 GB/s		1058.683 ns
        -Bandwidth / Latency  (Bank 3): 0.000 GB/s		362.593 ns
 == Power Data for Rank        11
   Average Power (watts)     : 0.246
     -Background (watts)     : 0.244
     -Act/Pre    (watts)     : 0.000
     -Burst      (watts)     : 0.000
     -Refresh    (watts)     : 0.001
      -Rank   12 : 
        -Reads  : 72 (4608 bytes)
        -Writes : 31 (1984 bytes)
        -Bandwidth / Latency  (Bank 0): 0.000 GB/s		800.235 ns
        -Bandwidth / Latency  (Bank 1): 0.000 GB/s		1273.532 ns
        -Bandwidth / Latency  (Bank 2): 0.000 GB/s		1200.520 ns
        -Bandwidth / Latency  (Bank 3): 0.000 GB/s		1012.051 ns
 == Power Data for Rank        12
   Average Power (watts)     : 0.246
     -Background (watts)     : 0.244
     -Act/Pre    (watts)     : 0.000
     -Burst      (watts)     : 0.000
     -Refresh    (watts)     : 0.001
      -Rank   13 : 
        -Reads  : 60 (3840 bytes)
        -Writes : 30 (1920 bytes)
        -Bandwidth / Latency  (Bank 0): 0.000 GB/s		327.647 ns
        -Bandwidth / Latency  (Bank 1): 0.000 GB/s		862.890 ns
        -Bandwidth / Latency  (Bank 2): 0.000 GB/s		1160.142 ns
        -Bandwidth / Latency  (Bank 3): 0.000 GB/s		896.602 ns
 == Power Data for Rank        13
   Average Power (watts)     : 0.246
     -Background (watts)     : 0.244
     -Act/Pre    (watts)     : 0.000
     -Burst      (watts)     : 0.000
     -Refresh    (watts)     : 0.001
      -Rank   14 : 
        -Reads  : 72 (4608 bytes)
        -Writes : 24 (1536 bytes)
        -Bandwidth / Latency  (Bank 0): 0.000 GB/s		628.446 ns
        -Bandwidth / Latency  (Bank 1): 0.000 GB/s		1155.987 ns
        -Bandwidth / Latency  (Bank 2): 0.000 GB/s		814.785 ns
        -Bandwidth / Latency  (Bank 3): 0.000 GB/s		185.852 ns
 == Power Data for Rank        14
   Average Power (watts)     : 0.246
     -Background (watts)     : 0.244
     -Act/Pre    (watts)     : 0.000
     -Burst      (watts)     : 0.000
     -Refresh    (watts)     : 0.001
      -Rank   15 : 
        -Reads  : 77 (4928 bytes)
        -Writes : 24 (1536 bytes)
        -Bandwidth / Latency  (Bank 0): 0.000 GB/s		804.162 ns
        -Bandwidth / Latency  (Bank 1): 0.000 GB/s		649.962 ns
        -Bandwidth / Latency  (Bank 2): 0.000 GB/s		966.868 ns
        -Bandwidth / Latency  (Bank 3): 0.000 GB/s		327.820 ns
 == Power Data for Rank        15
   Average Power (watts)     : 0.246
     -Background (watts)     : 0.244
     -Act/Pre    (watts)     : 0.000
     -Burst      (watts)     : 0.000
     -Refresh    (watts)     : 0.001
 ---  Latency list (245)
       [lat] : #
       [20-29] : 1
       [30-39] : 8
       [40-49] : 48
       [50-59] : 31
       [60-69] : 17
       [70-79] : 18
       [80-89] : 22
       [90-99] : 12
       [100-109] : 11
       [110-119] : 5
       [120-129] : 4
       [130-139] : 8
       [140-149] : 12
       [150-159] : 16
       [160-169] : 7
       [170-179] : 4
       [180-189] : 7
       [190-199] : 11
       [200-209] : 8
       [210-219] : 9
       [220-229] : 6
       [230-239] : 3
       [240-249] : 5
       [250-259] : 7
       [260-269] : 5
       [270-279] : 11
       [280-289] : 7
       [290-299] : 8
       [300-309] : 4
       [310-319] : 7
       [320-329] : 4
       [330-339] : 7
       [340-349] : 11
       [350-359] : 10
       [360-369] : 5
       [370-379] : 7
       [380-389] : 8
       [390-399] : 6
       [400-409] : 7
       [410-419] : 4
       [420-429] : 6
       [430-439] : 2
       [440-449] : 7
       [450-459] : 7
       [460-469] : 4
       [470-479] : 6
       [480-489] : 4
       [490-499] : 10
       [500-509] : 4
       [510-519] : 2
       [520-529] : 2
       [530-539] : 5
       [540-549] : 9
       [550-559] : 6
       [560-569] : 3
       [570-579] : 4
       [580-589] : 6
       [590-599] : 5
       [600-609] : 9
       [610-619] : 8
       [620-629] : 5
       [630-639] : 7
       [640-649] : 1
       [650-659] : 5
       [660-669] : 4
       [670-679] : 4
       [680-689] : 10
       [690-699] : 11
       [700-709] : 5
       [710-719] : 7
       [720-729] : 3
       [730-739] : 8
       [740-749] : 3
       [750-759] : 4
       [760-769] : 6
       [770-779] : 6
       [780-789] : 5
       [790-799] : 5
       [810-819] : 3
       [820-829] : 2
       [830-839] : 3
       [840-849] : 3
       [850-859] : 5
       [860-869] : 4
       [870-879] : 3
       [880-889] : 2
       [890-899] : 5
       [900-909] : 6
       [910-919] : 3
       [920-929] : 3
       [930-939] : 8
       [940-949] : 3
       [950-959] : 1
       [960-969] : 5
       [970-979] : 9
       [980-989] : 5
       [990-999] : 1
       [1000-1009] : 6
       [1010-1019] : 5
       [1020-1029] : 4
       [1040-1049] : 4
       [1050-1059] : 3
       [1060-1069] : 1
       [1070-1079] : 2
       [1080-1089] : 3
       [1090-1099] : 3
       [1100-1109] : 1
       [1110-1119] : 5
       [1120-1129] : 4
       [1130-1139] : 8
       [1140-1149] : 4
       [1150-1159] : 4
       [1160-1169] : 1
       [1170-1179] : 1
       [1180-1189] : 5
       [1190-1199] : 5
       [1200-1209] : 3
       [1210-1219] : 6
       [1220-1229] : 1
       [1230-1239] : 4
       [1240-1249] : 2
       [1250-1259] : 6
       [1260-1269] : 5
       [1270-1279] : 1
       [1280-1289] : 7
       [1290-1299] : 6
       [1300-1309] : 2
       [1310-1319] : 4
       [1320-1329] : 8
       [1330-1339] : 4
       [1340-1349] : 11
       [1350-1359] : 4
       [1360-1369] : 4
       [1370-1379] : 4
       [1380-1389] : 3
       [1390-1399] : 4
       [1400-1409] : 3
       [1410-1419] : 4
       [1420-1429] : 6
       [1430-1439] : 2
       [1440-1449] : 5
       [1450-1459] : 7
       [1460-1469] : 5
       [1470-1479] : 1
       [1490-1499] : 6
       [1500-1509] : 2
       [1510-1519] : 2
       [1520-1529] : 4
       [1530-1539] : 2
       [1540-1549] : 5
       [1550-1559] : 1
       [1560-1569] : 1
       [1570-1579] : 2
       [1580-1589] : 5
       [1590-1599] : 6
       [1600-1609] : 4
       [1610-1619] : 3
       [1620-1629] : 1
       [1630-1639] : 4
       [1640-1649] : 3
       [1650-1659] : 3
       [1660-1669] : 2
       [1670-1679] : 2
       [1680-1689] : 3
       [1690-1699] : 4
       [1700-1709] : 2
       [1710-1719] : 3
       [1720-1729] : 3
       [1730-1739] : 1
       [1740-1749] : 3
       [1750-1759] : 5
       [1760-1769] : 1
       [1770-1779] : 1
       [1780-1789] : 2
       [1790-1799] : 3
       [1800-1809] : 1
       [1810-1819] : 1
       [1820-1829] : 3
       [1840-1849] : 3
       [1850-1859] : 2
       [1860-1869] : 1
       [1870-1879] : 3
       [1890-1899] : 1
       [1900-1909] : 2
       [1910-1919] : 2
       [1920-1929] : 2
       [1930-1939] : 3
       [1940-1949] : 4
       [1950-1959] : 4
       [1960-1969] : 1
       [1970-1979] : 2
       [1980-1989] : 2
       [1990-1999] : 3
       [2000-2009] : 2
       [2010-2019] : 1
       [2020-2029] : 1
       [2030-2039] : 3
       [2040-2049] : 1
       [2050-2059] : 1
       [2060-2069] : 1
       [2070-2079] : 1
       [2080-2089] : 2
       [2090-2099] : 1
       [2110-2119] : 3
       [2120-2129] : 2
       [2140-2149] : 5
       [2150-2159] : 2
       [2160-2169] : 3
       [2170-2179] : 1
       [2180-2189] : 4
       [2190-2199] : 1
       [2200-2209] : 3
       [2210-2219] : 2
       [2230-2239] : 3
       [2240-2249] : 3
       [2250-2259] : 1
       [2260-2269] : 1
       [2270-2279] : 6
       [2280-2289] : 1
       [2300-2309] : 1
       [2310-2319] : 2
       [2320-2329] : 2
       [2340-2349] : 4
       [2350-2359] : 1
       [2360-2369] : 2
       [2370-2379] : 1
       [2380-2389] : 2
       [2400-2409] : 1
       [2440-2449] : 2
       [2460-2469] : 1
       [2490-2499] : 2
       [2520-2529] : 1
       [2530-2539] : 1
       [2550-2559] : 2
       [2560-2569] : 1
       [2600-2609] : 3
       [2640-2649] : 1
       [2650-2659] : 2
       [2690-2699] : 2
       [2740-2749] : 2
       [2750-2759] : 1
       [2820-2829] : 1
       [2880-2889] : 1
       [2960-2969] : 1
       [3040-3049] : 1

 == Pending Transactions : 0 (10000000)==
//// Channel [0] ////
